#
# There is insufficient memory for the Java Runtime Environment to continue.
# Native memory allocation (mmap) failed to map 134217728 bytes for G1 virtual space
# Possible reasons:
#   The system is out of physical RAM or swap space
#   The process is running with CompressedOops enabled, and the Java Heap may be blocking the growth of the native heap
# Possible solutions:
#   Reduce memory load on the system
#   Increase physical memory or swap space
#   Check if swap backing store is full
#   Decrease Java heap size (-Xmx/-Xms)
#   Decrease number of Java threads
#   Decrease Java thread stack sizes (-Xss)
#   Set larger code cache with -XX:ReservedCodeCacheSize=
#   JVM is running with Unscaled Compressed Oops mode in which the Java heap is
#     placed in the first 4GB address space. The Java Heap base address is the
#     maximum limit for the native heap growth. Please use -XX:HeapBaseMinAddress
#     to set the Java Heap base and to place the Java Heap above 4GB virtual address.
# This output file may be truncated or incomplete.
#
#  Out of Memory Error (os_windows.cpp:3552), pid=12272, tid=10872
#
# JRE version:  (17.0.9+11) (build )
# Java VM: Java HotSpot(TM) 64-Bit Server VM (17.0.9+11-LTS-201, mixed mode, sharing, tiered, compressed oops, compressed class ptrs, g1 gc, windows-amd64)
# No core dump will be written. Minidumps are not enabled by default on client versions of Windows
#

---------------  S U M M A R Y ------------

Command Line: org.jetbrains.kotlin.cli.jvm.K2JVMCompiler @C:\Users\HP\Learning_Xorxos\node_modules\@react-native-google-signin\google-signin\android\build\20250523_6608022944470824373.compiler.options

Host: Intel(R) Core(TM) i5-5300U CPU @ 2.30GHz, 4 cores, 7G,  Windows 10 , 64 bit Build 19041 (10.0.19041.5678)
Time: Fri May 23 22:55:52 2025 India Standard Time elapsed time: 0.041500 seconds (0d 0h 0m 0s)

---------------  T H R E A D  ---------------

Current thread (0x0000024e12818640):  JavaThread "Unknown thread" [_thread_in_vm, id=10872, stack(0x000000efd6800000,0x000000efd6900000)]

Stack: [0x000000efd6800000,0x000000efd6900000]
Native frames: (J=compiled Java code, j=interpreted, Vv=VM code, C=native code)
V  [jvm.dll+0x678a4a]
V  [jvm.dll+0x7d9cfd]
V  [jvm.dll+0x7db60e]
V  [jvm.dll+0x7dbc73]
V  [jvm.dll+0x245e1f]
V  [jvm.dll+0x6758f9]
V  [jvm.dll+0x66a2a2]
V  [jvm.dll+0x303686]
V  [jvm.dll+0x30ac06]
V  [jvm.dll+0x35a48e]
V  [jvm.dll+0x35a6bf]
V  [jvm.dll+0x2da678]
V  [jvm.dll+0x2db5e4]
V  [jvm.dll+0x7ab6b1]
V  [jvm.dll+0x368041]
V  [jvm.dll+0x78a749]
V  [jvm.dll+0x3ebd4f]
V  [jvm.dll+0x3ed7d1]
C  [jli.dll+0x5297]
C  [ucrtbase.dll+0x21bb2]
C  [KERNEL32.DLL+0x17374]
C  [ntdll.dll+0x4cc91]


---------------  P R O C E S S  ---------------

Threads class SMR info:
_java_thread_list=0x00007fff6a2f89d8, length=0, elements={
}

Java Threads: ( => current thread )

Other Threads:
  0x0000024e12871530 GCTaskThread "GC Thread#0" [stack: 0x000000efd6900000,0x000000efd6a00000] [id=5296]
  0x0000024e128820c0 ConcurrentGCThread "G1 Main Marker" [stack: 0x000000efd6a00000,0x000000efd6b00000] [id=11612]
  0x0000024e12883ae0 ConcurrentGCThread "G1 Conc#0" [stack: 0x000000efd6b00000,0x000000efd6c00000] [id=2216]

[error occurred during error reporting (printing all threads), id 0xc0000005, EXCEPTION_ACCESS_VIOLATION (0xc0000005) at pc=0x00007fff69b2b2d7]

VM state: not at safepoint (not fully initialized)

VM Mutex/Monitor currently owned by a thread:  ([mutex/lock_event])
[0x0000024e12814260] Heap_lock - owner thread: 0x0000024e12818640

Heap address: 0x0000000081e00000, size: 2018 MB, Compressed Oops mode: 32-bit

CDS archive(s) mapped at: [0x0000000000000000-0x0000000000000000-0x0000000000000000), size 0, SharedBaseAddress: 0x0000000800000000, ArchiveRelocationMode: 1.
Narrow klass base: 0x0000000000000000, Narrow klass shift: 0, Narrow klass range: 0x0

GC Precious Log:
<Empty>

Heap:
 garbage-first heap   total 0K, used 0K [0x0000000081e00000, 0x0000000100000000)
  region size 1024K, 0 young (0K), 0 survivors (0K)

[error occurred during error reporting (printing heap information), id 0xc0000005, EXCEPTION_ACCESS_VIOLATION (0xc0000005) at pc=0x00007fff69f12229]

GC Heap History (0 events):
No events

Deoptimization events (0 events):
No events

Classes unloaded (0 events):
No events

Classes redefined (0 events):
No events

Internal exceptions (0 events):
No events

VM Operations (0 events):
No events

Events (1 events):
Event: 0.011 Loaded shared library C:\Program Files\Java\jdk-17\bin\java.dll


Dynamic libraries:
0x00007ff610570000 - 0x00007ff610580000 	C:\Program Files\Java\jdk-17\bin\java.exe
0x00007fffc8cd0000 - 0x00007fffc8ec8000 	C:\Windows\SYSTEM32\ntdll.dll
0x00007fffc8860000 - 0x00007fffc8922000 	C:\Windows\System32\KERNEL32.DLL
0x00007fffc6360000 - 0x00007fffc6656000 	C:\Windows\System32\KERNELBASE.dll
0x00007fffc67c0000 - 0x00007fffc68c0000 	C:\Windows\System32\ucrtbase.dll
0x00007fffb4f80000 - 0x00007fffb4f99000 	C:\Program Files\Java\jdk-17\bin\jli.dll
0x00007fffc7400000 - 0x00007fffc74af000 	C:\Windows\System32\ADVAPI32.dll
0x00007fffc78f0000 - 0x00007fffc798e000 	C:\Windows\System32\msvcrt.dll
0x00007fffc7270000 - 0x00007fffc730f000 	C:\Windows\System32\sechost.dll
0x00007fffc8b60000 - 0x00007fffc8c83000 	C:\Windows\System32\RPCRT4.dll
0x00007fffc68f0000 - 0x00007fffc6917000 	C:\Windows\System32\bcrypt.dll
0x00007fffc7a60000 - 0x00007fffc7bfd000 	C:\Windows\System32\USER32.dll
0x00007fffc68c0000 - 0x00007fffc68e2000 	C:\Windows\System32\win32u.dll
0x00007fffc8a10000 - 0x00007fffc8a3b000 	C:\Windows\System32\GDI32.dll
0x00007fffc6920000 - 0x00007fffc6a3a000 	C:\Windows\System32\gdi32full.dll
0x00007fffc6af0000 - 0x00007fffc6b8d000 	C:\Windows\System32\msvcp_win.dll
0x00007fffb1540000 - 0x00007fffb155b000 	C:\Program Files\Java\jdk-17\bin\VCRUNTIME140.dll
0x00007fffb75f0000 - 0x00007fffb788a000 	C:\Windows\WinSxS\amd64_microsoft.windows.common-controls_6595b64144ccf1df_6.0.19041.4355_none_60b8b9eb71f62e16\COMCTL32.dll
0x00007fffc4a80000 - 0x00007fffc4a8a000 	C:\Windows\SYSTEM32\VERSION.dll
0x00007fffc6cf0000 - 0x00007fffc6d1f000 	C:\Windows\System32\IMM32.DLL
0x00007fffb4d50000 - 0x00007fffb4d5c000 	C:\Program Files\Java\jdk-17\bin\vcruntime140_1.dll
0x00007fff852a0000 - 0x00007fff8532e000 	C:\Program Files\Java\jdk-17\bin\msvcp140.dll
0x00007fff69840000 - 0x00007fff6a421000 	C:\Program Files\Java\jdk-17\bin\server\jvm.dll
0x00007fffc8a00000 - 0x00007fffc8a08000 	C:\Windows\System32\PSAPI.DLL
0x00007fffb3dc0000 - 0x00007fffb3dc9000 	C:\Windows\SYSTEM32\WSOCK32.dll
0x00007fffc7c80000 - 0x00007fffc7ceb000 	C:\Windows\System32\WS2_32.dll
0x00007fffb9360000 - 0x00007fffb9387000 	C:\Windows\SYSTEM32\WINMM.dll
0x00007fffc4b80000 - 0x00007fffc4b92000 	C:\Windows\SYSTEM32\kernel.appcore.dll
0x00007fffb3c30000 - 0x00007fffb3c3a000 	C:\Program Files\Java\jdk-17\bin\jimage.dll
0x00007fffb7030000 - 0x00007fffb7214000 	C:\Windows\SYSTEM32\DBGHELP.DLL
0x00007fffb1460000 - 0x00007fffb1494000 	C:\Windows\SYSTEM32\dbgcore.DLL
0x00007fffc6b90000 - 0x00007fffc6c12000 	C:\Windows\System32\bcryptPrimitives.dll
0x00007fff94460000 - 0x00007fff94485000 	C:\Program Files\Java\jdk-17\bin\java.dll

dbghelp: loaded successfully - version: 4.0.5 - missing functions: none
symbol engine: initialized successfully - sym options: 0x614 - pdb path: .;C:\Program Files\Java\jdk-17\bin;C:\Windows\SYSTEM32;C:\Windows\WinSxS\amd64_microsoft.windows.common-controls_6595b64144ccf1df_6.0.19041.4355_none_60b8b9eb71f62e16;C:\Program Files\Java\jdk-17\bin\server

VM Arguments:
java_command: org.jetbrains.kotlin.cli.jvm.K2JVMCompiler @C:\Users\HP\Learning_Xorxos\node_modules\@react-native-google-signin\google-signin\android\build\20250523_6608022944470824373.compiler.options
java_class_path (initial): C:\Users\HP\.gradle\caches\modules-2\files-2.1\org.jetbrains.kotlin\kotlin-compiler-embeddable\2.0.21\79346ed53db48b18312a472602eb5c057070c54d\kotlin-compiler-embeddable-2.0.21.jar;C:\Users\HP\.gradle\caches\modules-2\files-2.1\org.jetbrains.kotlin\kotlin-stdlib\2.0.21\618b539767b4899b4660a83006e052b63f1db551\kotlin-stdlib-2.0.21.jar;C:\Users\HP\.gradle\caches\modules-2\files-2.1\org.jetbrains.kotlin\kotlin-script-runtime\2.0.21\c9b044380ad41f89aa89aa896c2d32a8c0b2129d\kotlin-script-runtime-2.0.21.jar;C:\Users\HP\.gradle\caches\modules-2\files-2.1\org.jetbrains.kotlin\kotlin-reflect\1.6.10\1cbe9c92c12a94eea200d23c2bbaedaf3daf5132\kotlin-reflect-1.6.10.jar;C:\Users\HP\.gradle\caches\modules-2\files-2.1\org.jetbrains.kotlin\kotlin-daemon-embeddable\2.0.21\c9e933b23287de9b5a17e2116b4657bb91aea72c\kotlin-daemon-embeddable-2.0.21.jar;C:\Users\HP\.gradle\caches\modules-2\files-2.1\org.jetbrains.intellij.deps\trove4j\1.0.20200330\3afb14d5f9ceb459d724e907a21145e8ff394f02\trove4j-1.0.20200330.jar;C:\Users\HP\.gradle\caches\modules-2\files-2.1\org.jetbrains.kotlinx\kotlinx-coroutines-core-jvm\1.6.4\2c997cd1c0ef33f3e751d3831929aeff1390cb30\kotlinx-coroutines-core-jvm-1.6.4.jar;C:\Users\HP\.gradle\caches\modules-2\files-2.1\org.jetbrains\annotations\13.0\919f0dfe192fb4e063e7dacadee7f8bb9a2672a9\annotations-13.0.jar
Launcher Type: SUN_STANDARD

[Global flags]
     intx CICompilerCount                          = 3                                         {product} {ergonomic}
     uint ConcGCThreads                            = 1                                         {product} {ergonomic}
     uint G1ConcRefinementThreads                  = 4                                         {product} {ergonomic}
   size_t G1HeapRegionSize                         = 1048576                                   {product} {ergonomic}
    uintx GCDrainStackTargetSize                   = 64                                        {product} {ergonomic}
   size_t InitialHeapSize                          = 134217728                                 {product} {ergonomic}
   size_t MarkStackSize                            = 4194304                                   {product} {ergonomic}
   size_t MaxHeapSize                              = 2116026368                                {product} {ergonomic}
   size_t MinHeapDeltaBytes                        = 1048576                                   {product} {ergonomic}
   size_t MinHeapSize                              = 8388608                                   {product} {ergonomic}
    uintx NonNMethodCodeHeapSize                   = 5832780                                {pd product} {ergonomic}
    uintx NonProfiledCodeHeapSize                  = 122912730                              {pd product} {ergonomic}
    uintx ProfiledCodeHeapSize                     = 122912730                              {pd product} {ergonomic}
    uintx ReservedCodeCacheSize                    = 251658240                              {pd product} {ergonomic}
     bool SegmentedCodeCache                       = true                                      {product} {ergonomic}
   size_t SoftMaxHeapSize                          = 2116026368                             {manageable} {ergonomic}
     bool UseCompressedClassPointers               = true                           {product lp64_product} {ergonomic}
     bool UseCompressedOops                        = true                           {product lp64_product} {ergonomic}
     bool UseG1GC                                  = true                                      {product} {ergonomic}
     bool UseLargePagesIndividualAllocation        = false                                  {pd product} {ergonomic}

Logging:
Log output configuration:
 #0: stdout all=warning uptime,level,tags
 #1: stderr all=off uptime,level,tags

Environment Variables:
JAVA_HOME=C:\Program Files\Java\jdk-17
CLASSPATH=C:\Users\HP\Learning_Xorxos\android\\gradle\wrapper\gradle-wrapper.jar
PATH=C:\ProgramData\chocolatey;C:\Program Files\Java\jdk-17\bin;D:\native\Android\Sdk\platform-tools;C:\Program Files\Java\jdk-17;C:\Windows\System32;D:\native\Android\Sdk;%GRADLE_HOME%\bin;C:\Windows\System32\wbem;D:\native\Git\cmd;C:\Users\HP\npm-global;D:\native\Android\Sdk\cmake;C:\Program Files\MongoDB\Server\8.0\bin;C:\Program Files\MongoDB\mongosh-2.3.8-win32-x64\bin;C:\Users\HP\nodejs;C:\Users\HP\AppData\Local\Programs\Python\Python313;C:\Users\HP\AppData\Local\Programs\Python\Python313\Scripts;C:\Users\HP\AppData\Local\Programs\Python\Python313\Scripts\jupyter.exe notebook;C:\ProgramData\chocolatey;C:\Program Files\Java\jdk-17\bin;D:\native\Android\Sdk\platform-tools;C:\Program Files\Java\jdk-17;C:\Windows\System32;D:\native\Android\Sdk;C:\Users\HP\AppData\Local\Programs\Microsoft VS Code\bin;C:\Windows\System32\wbem;D:\native\Git;%GRADLE_HOME%\bin;D:\native\Android\Sdk\cmake\;D:\native\Android\Sdk\ndk\;C:\Users\HP\AppData\Roaming\npm;C:\Program Files\MongoDB\Server\8.0\bin;C:\Program Files\MongoDB\mongosh-2.3.8-win32-x64\bin;C:\Users\HP\AppData\Local\Programs\Python\Python313;C:\Users\HP\AppData\Local\Programs\Python\Python313\Scripts;C:\Users\HP\AppData\Local\Programs\Python\Python313\Scripts\jupyter.exe notebook;;c:\Users\HP\.vscode\extensions\ms-python.debugpy-2025.4.1-win32-x64\bundled\scripts\noConfigScripts
USERNAME=HP
LANG=en_US.UTF-8
OS=Windows_NT
PROCESSOR_IDENTIFIER=Intel64 Family 6 Model 61 Stepping 4, GenuineIntel



---------------  S Y S T E M  ---------------

OS:
 Windows 10 , 64 bit Build 19041 (10.0.19041.5678)
OS uptime: 5 days 10:48 hours

CPU: total 4 (initial active 4) (2 cores per cpu, 2 threads per core) family 6 model 61 stepping 4 microcode 0x2f, cx8, cmov, fxsr, ht, mmx, 3dnowpref, sse, sse2, sse3, ssse3, sse4.1, sse4.2, popcnt, lzcnt, tsc, tscinvbit, avx, avx2, aes, erms, clmul, bmi1, bmi2, rtm, adx, fma, vzeroupper, clflush

Memory: 4k page, system-wide physical 8067M (920M free)
TotalPageFile size 11025M (AvailPageFile size 106M)
current process WorkingSet (physical memory assigned to process): 10M, peak: 10M
current process commit charge ("private bytes"): 51M, peak: 179M

vm_info: Java HotSpot(TM) 64-Bit Server VM (17.0.9+11-LTS-201) for windows-amd64 JRE (17.0.9+11-LTS-201), built on Oct 10 2023 23:16:06 by "mach5one" with MS VC++ 17.1 (VS2022)

END.
