#
# There is insufficient memory for the Java Runtime Environment to continue.
# Native memory allocation (mmap) failed to map 58720256 bytes for G1 virtual space
# Possible reasons:
#   The system is out of physical RAM or swap space
#   The process is running with CompressedOops enabled, and the Java Heap may be blocking the growth of the native heap
# Possible solutions:
#   Reduce memory load on the system
#   Increase physical memory or swap space
#   Check if swap backing store is full
#   Decrease Java heap size (-Xmx/-Xms)
#   Decrease number of Java threads
#   Decrease Java thread stack sizes (-Xss)
#   Set larger code cache with -XX:ReservedCodeCacheSize=
#   JVM is running with Unscaled Compressed Oops mode in which the Java heap is
#     placed in the first 4GB address space. The Java Heap base address is the
#     maximum limit for the native heap growth. Please use -XX:HeapBaseMinAddress
#     to set the Java Heap base and to place the Java Heap above 4GB virtual address.
# This output file may be truncated or incomplete.
#
#  Out of Memory Error (os_windows.cpp:3552), pid=16220, tid=3348
#
# JRE version: Java(TM) SE Runtime Environment (17.0.9+11) (build 17.0.9+11-LTS-201)
# Java VM: Java HotSpot(TM) 64-Bit Server VM (17.0.9+11-LTS-201, mixed mode, sharing, tiered, compressed oops, compressed class ptrs, g1 gc, windows-amd64)
# No core dump will be written. Minidumps are not enabled by default on client versions of Windows
#

---------------  S U M M A R Y ------------

Command Line: -XX:MaxMetaspaceSize=512m --add-opens=java.base/java.util=ALL-UNNAMED --add-opens=java.base/java.lang=ALL-UNNAMED --add-opens=java.base/java.lang.invoke=ALL-UNNAMED --add-opens=java.prefs/java.util.prefs=ALL-UNNAMED --add-exports=jdk.compiler/com.sun.tools.javac.api=ALL-UNNAMED --add-exports=jdk.compiler/com.sun.tools.javac.util=ALL-UNNAMED --add-opens=java.base/java.nio.charset=ALL-UNNAMED --add-opens=java.base/java.net=ALL-UNNAMED --add-opens=java.base/java.util.concurrent.atomic=ALL-UNNAMED -Xmx2048m -Dfile.encoding=windows-1252 -Duser.country=IN -Duser.language=en -Duser.variant -javaagent:C:\Users\HP\.gradle\wrapper\dists\gradle-8.10.2-all\7iv73wktx1xtkvlq19urqw1wm\gradle-8.10.2\lib\agents\gradle-instrumentation-agent-8.10.2.jar org.gradle.launcher.daemon.bootstrap.GradleDaemon 8.10.2

Host: Intel(R) Core(TM) i5-5300U CPU @ 2.30GHz, 4 cores, 7G,  Windows 10 , 64 bit Build 19041 (10.0.19041.5678)
Time: Mon Jul 28 22:08:21 2025 India Standard Time elapsed time: 57.611596 seconds (0d 0h 0m 57s)

---------------  T H R E A D  ---------------

Current thread (0x000002353ebfa1b0):  VMThread "VM Thread" [stack: 0x000000db34200000,0x000000db34300000] [id=3348]

Stack: [0x000000db34200000,0x000000db34300000]
Native frames: (J=compiled Java code, j=interpreted, Vv=VM code, C=native code)
V  [jvm.dll+0x678a4a]
V  [jvm.dll+0x7d9cfd]
V  [jvm.dll+0x7db60e]
V  [jvm.dll+0x7dbc73]
V  [jvm.dll+0x245e1f]
V  [jvm.dll+0x6758f9]
V  [jvm.dll+0x66a2a2]
V  [jvm.dll+0x303686]
V  [jvm.dll+0x30ac06]
V  [jvm.dll+0x35a48e]
V  [jvm.dll+0x35a6bf]
V  [jvm.dll+0x2da678]
V  [jvm.dll+0x2d8a85]
V  [jvm.dll+0x2d808c]
V  [jvm.dll+0x31b97b]
V  [jvm.dll+0x7e048b]
V  [jvm.dll+0x7e11c4]
V  [jvm.dll+0x7e16dd]
V  [jvm.dll+0x7e1ab4]
V  [jvm.dll+0x7e1b80]
V  [jvm.dll+0x78998a]
V  [jvm.dll+0x677875]
C  [ucrtbase.dll+0x21bb2]
C  [KERNEL32.DLL+0x17374]
C  [ntdll.dll+0x4cc91]

VM_Operation (0x000000db393fc8a0): G1CollectForAllocation, mode: safepoint, requested by thread 0x00000235613989c0


---------------  P R O C E S S  ---------------

Threads class SMR info:
_java_thread_list=0x0000023564b33990, length=89, elements={
0x000002352129dda0, 0x000002353ec01e30, 0x000002353ec02cb0, 0x000002353ec156a0,
0x000002353ec16260, 0x000002353ec16e20, 0x000002353ec197f0, 0x000002353ec1b5a0,
0x000002353ec1e060, 0x000002353ec6e900, 0x000002355e0b6ac0, 0x000002355e227020,
0x000002355f12cb80, 0x000002355fb69040, 0x000002355fd3f820, 0x000002355fce2f30,
0x000002355fb8f100, 0x000002355fd632a0, 0x000002355fd637b0, 0x000002355fd646e0,
0x000002355fd61e60, 0x000002355fd65100, 0x000002355fd61950, 0x000002355fd62370,
0x000002355fd62880, 0x000002355fd64bf0, 0x000002355fd62d90, 0x000002355fd63cc0,
0x000002355fd641d0, 0x00000235617b5da0, 0x00000235617b9550, 0x00000235617b62b0,
0x00000235617b9a60, 0x00000235617b8110, 0x00000235617b8620, 0x00000235617b67c0,
0x00000235617b4960, 0x00000235617ba480, 0x00000235617b8b30, 0x00000235617b9f70,
0x00000235617ba990, 0x00000235617b3f40, 0x00000235617b4e70, 0x00000235617b5380,
0x00000235617b4450, 0x00000235617b5890, 0x00000235617b6cd0, 0x00000235617b71e0,
0x00000235617b7c00, 0x000002356154e740, 0x000002356154dd20, 0x000002356154d810,
0x000002356154cdf0, 0x000002356154e230, 0x000002356154ec50, 0x000002356154aa80,
0x000002356154f160, 0x000002356154c8e0, 0x000002356154b9b0, 0x0000023561550fc0,
0x00000235615514d0, 0x000002356154fb80, 0x000002356154af90, 0x0000023561550090,
0x00000235615505a0, 0x000002356154b4a0, 0x000002356154a060, 0x00000235615519e0,
0x000002356154a570, 0x000002356154bec0, 0x0000023561397070, 0x000002356139c680,
0x000002356139b240, 0x00000235613998f0, 0x00000235613989c0, 0x0000023561398ed0,
0x000002356139c170, 0x0000023561395c30, 0x000002356139a820, 0x0000023561397a90,
0x000002356139d0a0, 0x0000023561396140, 0x0000023561397fa0, 0x000002356139ad30,
0x000002356139cb90, 0x0000023561399e00, 0x0000023561397580, 0x000002356139d5b0,
0x000002355f437e10
}

Java Threads: ( => current thread )
  0x000002352129dda0 JavaThread "main" [_thread_blocked, id=16668, stack(0x000000db33c00000,0x000000db33d00000)]
  0x000002353ec01e30 JavaThread "Reference Handler" daemon [_thread_blocked, id=324, stack(0x000000db34300000,0x000000db34400000)]
  0x000002353ec02cb0 JavaThread "Finalizer" daemon [_thread_blocked, id=11656, stack(0x000000db34400000,0x000000db34500000)]
  0x000002353ec156a0 JavaThread "Signal Dispatcher" daemon [_thread_blocked, id=10432, stack(0x000000db34500000,0x000000db34600000)]
  0x000002353ec16260 JavaThread "Attach Listener" daemon [_thread_blocked, id=6080, stack(0x000000db34600000,0x000000db34700000)]
  0x000002353ec16e20 JavaThread "Service Thread" daemon [_thread_blocked, id=8176, stack(0x000000db34700000,0x000000db34800000)]
  0x000002353ec197f0 JavaThread "Monitor Deflation Thread" daemon [_thread_blocked, id=10980, stack(0x000000db34800000,0x000000db34900000)]
  0x000002353ec1b5a0 JavaThread "C2 CompilerThread0" daemon [_thread_blocked, id=2536, stack(0x000000db34900000,0x000000db34a00000)]
  0x000002353ec1e060 JavaThread "C1 CompilerThread0" daemon [_thread_blocked, id=5024, stack(0x000000db34a00000,0x000000db34b00000)]
  0x000002353ec6e900 JavaThread "Sweeper thread" daemon [_thread_blocked, id=4640, stack(0x000000db34b00000,0x000000db34c00000)]
  0x000002355e0b6ac0 JavaThread "Common-Cleaner" daemon [_thread_blocked, id=15468, stack(0x000000db34c00000,0x000000db34d00000)]
  0x000002355e227020 JavaThread "Notification Thread" daemon [_thread_blocked, id=16500, stack(0x000000db34d00000,0x000000db34e00000)]
  0x000002355f12cb80 JavaThread "Daemon health stats" [_thread_blocked, id=7732, stack(0x000000db35100000,0x000000db35200000)]
  0x000002355fb69040 JavaThread "Incoming local TCP Connector on port 56624" [_thread_in_native, id=10412, stack(0x000000db35300000,0x000000db35400000)]
  0x000002355fd3f820 JavaThread "Daemon periodic checks" [_thread_blocked, id=16296, stack(0x000000db35400000,0x000000db35500000)]
  0x000002355fce2f30 JavaThread "Daemon" [_thread_blocked, id=9328, stack(0x000000db35500000,0x000000db35600000)]
  0x000002355fb8f100 JavaThread "Handler for socket connection from /127.0.0.1:56624 to /127.0.0.1:56625" [_thread_in_native, id=1640, stack(0x000000db35600000,0x000000db35700000)]
  0x000002355fd632a0 JavaThread "Cancel handler" [_thread_blocked, id=17092, stack(0x000000db35700000,0x000000db35800000)]
  0x000002355fd637b0 JavaThread "Daemon worker" [_thread_blocked, id=1568, stack(0x000000db35800000,0x000000db35900000)]
  0x000002355fd646e0 JavaThread "Asynchronous log dispatcher for DefaultDaemonConnection: socket connection from /127.0.0.1:56624 to /127.0.0.1:56625" [_thread_blocked, id=7688, stack(0x000000db35900000,0x000000db35a00000)]
  0x000002355fd61e60 JavaThread "Stdin handler" [_thread_blocked, id=5828, stack(0x000000db35a00000,0x000000db35b00000)]
  0x000002355fd65100 JavaThread "Daemon client event forwarder" [_thread_blocked, id=15252, stack(0x000000db35b00000,0x000000db35c00000)]
  0x000002355fd61950 JavaThread "Cache worker for journal cache (C:\Users\HP\.gradle\caches\journal-1)" [_thread_blocked, id=11888, stack(0x000000db35d00000,0x000000db35e00000)]
  0x000002355fd62370 JavaThread "File lock request listener" [_thread_in_native, id=10632, stack(0x000000db35e00000,0x000000db35f00000)]
  0x000002355fd62880 JavaThread "Cache worker for file hash cache (C:\Users\HP\.gradle\caches\8.10.2\fileHashes)" [_thread_blocked, id=1844, stack(0x000000db35f00000,0x000000db36000000)]
  0x000002355fd64bf0 JavaThread "Cache worker for file hash cache (C:\Users\HP\Learning_Xorxos\android\.gradle\8.10.2\fileHashes)" [_thread_blocked, id=14776, stack(0x000000db36000000,0x000000db36100000)]
  0x000002355fd62d90 JavaThread "Cache worker for Build Output Cleanup Cache (C:\Users\HP\Learning_Xorxos\android\.gradle\buildOutputCleanup)" [_thread_blocked, id=16532, stack(0x000000db36100000,0x000000db36200000)]
  0x000002355fd63cc0 JavaThread "File watcher server" daemon [_thread_blocked, id=14072, stack(0x000000db36200000,0x000000db36300000)]
  0x000002355fd641d0 JavaThread "File watcher consumer" daemon [_thread_blocked, id=7848, stack(0x000000db36300000,0x000000db36400000)]
  0x00000235617b5da0 JavaThread "Cache worker for checksums cache (C:\Users\HP\Learning_Xorxos\android\.gradle\8.10.2\checksums)" [_thread_blocked, id=11768, stack(0x000000db36400000,0x000000db36500000)]
  0x00000235617b9550 JavaThread "Cache worker for file content cache (C:\Users\HP\.gradle\caches\8.10.2\fileContent)" [_thread_blocked, id=9540, stack(0x000000db36500000,0x000000db36600000)]
  0x00000235617b62b0 JavaThread "Cache worker for cache directory md-rule (C:\Users\HP\.gradle\caches\8.10.2\md-rule)" [_thread_blocked, id=10688, stack(0x000000db36600000,0x000000db36700000)]
  0x00000235617b9a60 JavaThread "Cache worker for cache directory md-supplier (C:\Users\HP\.gradle\caches\8.10.2\md-supplier)" [_thread_blocked, id=3412, stack(0x000000db36700000,0x000000db36800000)]
  0x00000235617b8110 JavaThread "jar transforms" [_thread_blocked, id=14888, stack(0x000000db36a00000,0x000000db36b00000)]
  0x00000235617b8620 JavaThread "Cache worker for Build Output Cleanup Cache (C:\Users\HP\Learning_Xorxos\node_modules\@react-native\gradle-plugin\.gradle\buildOutputCleanup)" [_thread_blocked, id=11448, stack(0x000000db36b00000,0x000000db36c00000)]
  0x00000235617b67c0 JavaThread "Unconstrained build operations" [_thread_blocked, id=4968, stack(0x000000db35c00000,0x000000db35d00000)]
  0x00000235617b4960 JavaThread "Unconstrained build operations Thread 2" [_thread_blocked, id=4976, stack(0x000000db36c00000,0x000000db36d00000)]
  0x00000235617ba480 JavaThread "Unconstrained build operations Thread 3" [_thread_blocked, id=16748, stack(0x000000db36d00000,0x000000db36e00000)]
  0x00000235617b8b30 JavaThread "Unconstrained build operations Thread 4" [_thread_blocked, id=1564, stack(0x000000db36e00000,0x000000db36f00000)]
  0x00000235617b9f70 JavaThread "Unconstrained build operations Thread 5" [_thread_blocked, id=11884, stack(0x000000db36f00000,0x000000db37000000)]
  0x00000235617ba990 JavaThread "Unconstrained build operations Thread 6" [_thread_blocked, id=17024, stack(0x000000db37000000,0x000000db37100000)]
  0x00000235617b3f40 JavaThread "Unconstrained build operations Thread 7" [_thread_blocked, id=9808, stack(0x000000db37200000,0x000000db37300000)]
  0x00000235617b4e70 JavaThread "Unconstrained build operations Thread 8" [_thread_blocked, id=4260, stack(0x000000db37300000,0x000000db37400000)]
  0x00000235617b5380 JavaThread "Unconstrained build operations Thread 9" [_thread_blocked, id=6152, stack(0x000000db37400000,0x000000db37500000)]
  0x00000235617b4450 JavaThread "Unconstrained build operations Thread 10" [_thread_blocked, id=1544, stack(0x000000db37500000,0x000000db37600000)]
  0x00000235617b5890 JavaThread "Unconstrained build operations Thread 11" [_thread_blocked, id=15240, stack(0x000000db37600000,0x000000db37700000)]
  0x00000235617b6cd0 JavaThread "Unconstrained build operations Thread 12" [_thread_blocked, id=16712, stack(0x000000db37700000,0x000000db37800000)]
  0x00000235617b71e0 JavaThread "Unconstrained build operations Thread 13" [_thread_blocked, id=11432, stack(0x000000db37800000,0x000000db37900000)]
  0x00000235617b7c00 JavaThread "Unconstrained build operations Thread 14" [_thread_blocked, id=412, stack(0x000000db37900000,0x000000db37a00000)]
  0x000002356154e740 JavaThread "Unconstrained build operations Thread 15" [_thread_blocked, id=16876, stack(0x000000db37a00000,0x000000db37b00000)]
  0x000002356154dd20 JavaThread "build event listener" [_thread_blocked, id=14704, stack(0x000000db37b00000,0x000000db37c00000)]
  0x000002356154d810 JavaThread "Memory manager" [_thread_blocked, id=14816, stack(0x000000db37c00000,0x000000db37d00000)]
  0x000002356154cdf0 JavaThread "ForkJoinPool.commonPool-worker-1" daemon [_thread_blocked, id=2396, stack(0x000000db37d00000,0x000000db37e00000)]
  0x000002356154e230 JavaThread "ForkJoinPool.commonPool-worker-2" daemon [_thread_blocked, id=15400, stack(0x000000db37e00000,0x000000db37f00000)]
  0x000002356154ec50 JavaThread "ForkJoinPool.commonPool-worker-3" daemon [_thread_blocked, id=4900, stack(0x000000db37f00000,0x000000db38000000)]
  0x000002356154aa80 JavaThread "included builds" [_thread_blocked, id=12456, stack(0x000000db38000000,0x000000db38100000)]
  0x000002356154f160 JavaThread "Execution worker" [_thread_blocked, id=16568, stack(0x000000db38100000,0x000000db38200000)]
  0x000002356154c8e0 JavaThread "Execution worker Thread 2" [_thread_blocked, id=8832, stack(0x000000db38200000,0x000000db38300000)]
  0x000002356154b9b0 JavaThread "Execution worker Thread 3" [_thread_blocked, id=16984, stack(0x000000db38300000,0x000000db38400000)]
  0x0000023561550fc0 JavaThread "Cache worker for execution history cache (C:\Users\HP\Learning_Xorxos\node_modules\@react-native\gradle-plugin\.gradle\8.10.2\executionHistory)" [_thread_blocked, id=2448, stack(0x000000db38400000,0x000000db38500000)]
  0x00000235615514d0 JavaThread "Unconstrained build operations Thread 16" [_thread_blocked, id=9656, stack(0x000000db38500000,0x000000db38600000)]
  0x000002356154fb80 JavaThread "Unconstrained build operations Thread 17" [_thread_blocked, id=5180, stack(0x000000db38600000,0x000000db38700000)]
  0x000002356154af90 JavaThread "Unconstrained build operations Thread 18" [_thread_blocked, id=124, stack(0x000000db38700000,0x000000db38800000)]
  0x0000023561550090 JavaThread "Unconstrained build operations Thread 19" [_thread_blocked, id=15004, stack(0x000000db38800000,0x000000db38900000)]
  0x00000235615505a0 JavaThread "Unconstrained build operations Thread 20" [_thread_blocked, id=7540, stack(0x000000db38900000,0x000000db38a00000)]
  0x000002356154b4a0 JavaThread "Unconstrained build operations Thread 21" [_thread_blocked, id=14924, stack(0x000000db38a00000,0x000000db38b00000)]
  0x000002356154a060 JavaThread "Unconstrained build operations Thread 22" [_thread_blocked, id=6784, stack(0x000000db38b00000,0x000000db38c00000)]
  0x00000235615519e0 JavaThread "Unconstrained build operations Thread 23" [_thread_blocked, id=15732, stack(0x000000db38c00000,0x000000db38d00000)]
  0x000002356154a570 JavaThread "Unconstrained build operations Thread 24" [_thread_blocked, id=14664, stack(0x000000db38d00000,0x000000db38e00000)]
  0x000002356154bec0 JavaThread "Unconstrained build operations Thread 25" [_thread_blocked, id=2064, stack(0x000000db38e00000,0x000000db38f00000)]
  0x0000023561397070 JavaThread "Unconstrained build operations Thread 26" [_thread_blocked, id=3732, stack(0x000000db38f00000,0x000000db39000000)]
  0x000002356139c680 JavaThread "Unconstrained build operations Thread 27" [_thread_blocked, id=12124, stack(0x000000db39000000,0x000000db39100000)]
  0x000002356139b240 JavaThread "Unconstrained build operations Thread 28" [_thread_blocked, id=14852, stack(0x000000db39100000,0x000000db39200000)]
  0x00000235613998f0 JavaThread "Unconstrained build operations Thread 29" [_thread_blocked, id=14432, stack(0x000000db39200000,0x000000db39300000)]
  0x00000235613989c0 JavaThread "Unconstrained build operations Thread 30" [_thread_blocked, id=15224, stack(0x000000db39300000,0x000000db39400000)]
  0x0000023561398ed0 JavaThread "Unconstrained build operations Thread 31" [_thread_blocked, id=11256, stack(0x000000db39400000,0x000000db39500000)]
  0x000002356139c170 JavaThread "Unconstrained build operations Thread 32" [_thread_blocked, id=10416, stack(0x000000db39500000,0x000000db39600000)]
  0x0000023561395c30 JavaThread "Unconstrained build operations Thread 33" [_thread_blocked, id=15700, stack(0x000000db39600000,0x000000db39700000)]
  0x000002356139a820 JavaThread "Unconstrained build operations Thread 34" [_thread_blocked, id=6312, stack(0x000000db39700000,0x000000db39800000)]
  0x0000023561397a90 JavaThread "Unconstrained build operations Thread 35" [_thread_blocked, id=16004, stack(0x000000db39800000,0x000000db39900000)]
  0x000002356139d0a0 JavaThread "Unconstrained build operations Thread 36" [_thread_blocked, id=16432, stack(0x000000db39900000,0x000000db39a00000)]
  0x0000023561396140 JavaThread "Unconstrained build operations Thread 37" [_thread_blocked, id=9164, stack(0x000000db39a00000,0x000000db39b00000)]
  0x0000023561397fa0 JavaThread "jar transforms Thread 2" [_thread_blocked, id=17260, stack(0x000000db39b00000,0x000000db39c00000)]
  0x000002356139ad30 JavaThread "jar transforms Thread 3" [_thread_blocked, id=7212, stack(0x000000db39c00000,0x000000db39d00000)]
  0x000002356139cb90 JavaThread "Unconstrained build operations Thread 38" [_thread_blocked, id=6140, stack(0x000000db39d00000,0x000000db39e00000)]
  0x0000023561399e00 JavaThread "Unconstrained build operations Thread 39" [_thread_blocked, id=5532, stack(0x000000db39e00000,0x000000db39f00000)]
  0x0000023561397580 JavaThread "Unconstrained build operations Thread 40" [_thread_blocked, id=4600, stack(0x000000db39f00000,0x000000db3a000000)]
  0x000002356139d5b0 JavaThread "jar transforms Thread 4" [_thread_blocked, id=11628, stack(0x000000db33900000,0x000000db33a00000)]
  0x000002355f437e10 JavaThread "build event listener" [_thread_blocked, id=11836, stack(0x000000db37100000,0x000000db37200000)]

Other Threads:
=>0x000002353ebfa1b0 VMThread "VM Thread" [stack: 0x000000db34200000,0x000000db34300000] [id=3348]
  0x000002352134d430 WatcherThread [stack: 0x000000db34e00000,0x000000db34f00000] [id=8916]
  0x00000235212f5ea0 GCTaskThread "GC Thread#0" [stack: 0x000000db33d00000,0x000000db33e00000] [id=1232]
  0x000002355e30c190 GCTaskThread "GC Thread#1" [stack: 0x000000db34f00000,0x000000db35000000] [id=13284]
  0x000002355e22a000 GCTaskThread "GC Thread#2" [stack: 0x000000db35000000,0x000000db35100000] [id=9028]
  0x000002355f03f1a0 GCTaskThread "GC Thread#3" [stack: 0x000000db35200000,0x000000db35300000] [id=10664]
  0x0000023521308e10 ConcurrentGCThread "G1 Main Marker" [stack: 0x000000db33e00000,0x000000db33f00000] [id=14584]
  0x0000023521309820 ConcurrentGCThread "G1 Conc#0" [stack: 0x000000db33f00000,0x000000db34000000] [id=16084]
  0x000002352136dd50 ConcurrentGCThread "G1 Refine#0" [stack: 0x000000db34000000,0x000000db34100000] [id=5272]
  0x0000023561ff0030 ConcurrentGCThread "G1 Refine#1" [stack: 0x000000db36800000,0x000000db36900000] [id=4696]
  0x0000023560a40b40 ConcurrentGCThread "G1 Refine#2" [stack: 0x000000db36900000,0x000000db36a00000] [id=11424]
  0x000002352136e780 ConcurrentGCThread "G1 Service" [stack: 0x000000db34100000,0x000000db34200000] [id=16260]

Threads with active compile tasks:
C2 CompilerThread0    57682 15560       4       sun.nio.fs.WindowsFileSystemProvider::readAttributes (63 bytes)

VM state: at safepoint (normal execution)

VM Mutex/Monitor currently owned by a thread:  ([mutex/lock_event])
[0x000002352129a090] Threads_lock - owner thread: 0x000002353ebfa1b0
[0x0000023521298c50] Heap_lock - owner thread: 0x00000235613989c0

Heap address: 0x0000000080000000, size: 2048 MB, Compressed Oops mode: 32-bit

CDS archive(s) mapped at: [0x000002353f000000-0x000002353fbd0000-0x000002353fbd0000), size 12386304, SharedBaseAddress: 0x000002353f000000, ArchiveRelocationMode: 1.
Compressed class space mapped at: 0x0000023540000000-0x000002355a000000, reserved size: 436207616
Narrow klass base: 0x000002353f000000, Narrow klass shift: 0, Narrow klass range: 0x100000000

GC Precious Log:
 CPUs: 4 total, 4 available
 Memory: 8067M
 Large Page Support: Disabled
 NUMA Support: Disabled
 Compressed Oops: Enabled (32-bit)
 Heap Region Size: 1M
 Heap Min Capacity: 8M
 Heap Initial Capacity: 128M
 Heap Max Capacity: 2G
 Pre-touch: Disabled
 Parallel Workers: 4
 Concurrent Workers: 1
 Concurrent Refinement Workers: 4
 Periodic GC: Disabled

Heap:
 garbage-first heap   total 282624K, used 205065K [0x0000000080000000, 0x0000000100000000)
  region size 1024K, 3 young (3072K), 3 survivors (3072K)
 Metaspace       used 106713K, committed 108224K, reserved 557056K
  class space    used 14831K, committed 15488K, reserved 425984K

Heap Regions: E=young(eden), S=young(survivor), O=old, HS=humongous(starts), HC=humongous(continues), CS=collection set, F=free, OA=open archive, CA=closed archive, TAMS=top-at-mark-start (previous, next)
|   0|0x0000000080000000, 0x0000000080100000, 0x0000000080100000|100%|HS|  |TAMS 0x0000000080100000, 0x0000000080000000| Complete 
|   1|0x0000000080100000, 0x0000000080200000, 0x0000000080200000|100%|HC|  |TAMS 0x0000000080200000, 0x0000000080100000| Complete 
|   2|0x0000000080200000, 0x0000000080300000, 0x0000000080300000|100%|HC|  |TAMS 0x0000000080300000, 0x0000000080200000| Complete 
|   3|0x0000000080300000, 0x0000000080400000, 0x0000000080400000|100%|HC|  |TAMS 0x0000000080400000, 0x0000000080300000| Complete 
|   4|0x0000000080400000, 0x0000000080500000, 0x0000000080500000|100%| O|  |TAMS 0x0000000080500000, 0x0000000080400000| Untracked 
|   5|0x0000000080500000, 0x0000000080600000, 0x0000000080600000|100%| O|  |TAMS 0x0000000080600000, 0x0000000080500000| Untracked 
|   6|0x0000000080600000, 0x0000000080700000, 0x0000000080700000|100%| O|  |TAMS 0x0000000080700000, 0x0000000080600000| Untracked 
|   7|0x0000000080700000, 0x0000000080800000, 0x0000000080800000|100%| O|  |TAMS 0x0000000080800000, 0x0000000080700000| Untracked 
|   8|0x0000000080800000, 0x0000000080900000, 0x0000000080900000|100%|HS|  |TAMS 0x0000000080900000, 0x0000000080800000| Complete 
|   9|0x0000000080900000, 0x0000000080a00000, 0x0000000080a00000|100%| O|  |TAMS 0x0000000080a00000, 0x0000000080900000| Untracked 
|  10|0x0000000080a00000, 0x0000000080b00000, 0x0000000080b00000|100%| O|  |TAMS 0x0000000080b00000, 0x0000000080a00000| Untracked 
|  11|0x0000000080b00000, 0x0000000080c00000, 0x0000000080c00000|100%| O|  |TAMS 0x0000000080c00000, 0x0000000080b00000| Untracked 
|  12|0x0000000080c00000, 0x0000000080d00000, 0x0000000080d00000|100%| O|  |TAMS 0x0000000080d00000, 0x0000000080c00000| Untracked 
|  13|0x0000000080d00000, 0x0000000080e00000, 0x0000000080e00000|100%| O|  |TAMS 0x0000000080e00000, 0x0000000080d00000| Untracked 
|  14|0x0000000080e00000, 0x0000000080f00000, 0x0000000080f00000|100%| O|  |TAMS 0x0000000080f00000, 0x0000000080e00000| Untracked 
|  15|0x0000000080f00000, 0x0000000081000000, 0x0000000081000000|100%| O|  |TAMS 0x0000000081000000, 0x0000000080f00000| Untracked 
|  16|0x0000000081000000, 0x0000000081100000, 0x0000000081100000|100%| O|  |TAMS 0x0000000081100000, 0x0000000081000000| Untracked 
|  17|0x0000000081100000, 0x0000000081200000, 0x0000000081200000|100%| O|  |TAMS 0x0000000081200000, 0x0000000081100000| Untracked 
|  18|0x0000000081200000, 0x0000000081300000, 0x0000000081300000|100%| O|  |TAMS 0x0000000081300000, 0x0000000081200000| Untracked 
|  19|0x0000000081300000, 0x0000000081400000, 0x0000000081400000|100%| O|  |TAMS 0x0000000081400000, 0x0000000081300000| Untracked 
|  20|0x0000000081400000, 0x0000000081500000, 0x0000000081500000|100%| O|  |TAMS 0x0000000081500000, 0x0000000081400000| Untracked 
|  21|0x0000000081500000, 0x0000000081600000, 0x0000000081600000|100%| O|  |TAMS 0x0000000081600000, 0x0000000081500000| Untracked 
|  22|0x0000000081600000, 0x0000000081700000, 0x0000000081700000|100%| O|  |TAMS 0x0000000081700000, 0x0000000081600000| Untracked 
|  23|0x0000000081700000, 0x0000000081800000, 0x0000000081800000|100%| O|  |TAMS 0x0000000081800000, 0x0000000081700000| Untracked 
|  24|0x0000000081800000, 0x0000000081900000, 0x0000000081900000|100%| O|  |TAMS 0x0000000081900000, 0x0000000081800000| Untracked 
|  25|0x0000000081900000, 0x0000000081a00000, 0x0000000081a00000|100%| O|  |TAMS 0x0000000081a00000, 0x0000000081900000| Untracked 
|  26|0x0000000081a00000, 0x0000000081b00000, 0x0000000081b00000|100%| O|  |TAMS 0x0000000081b00000, 0x0000000081a00000| Untracked 
|  27|0x0000000081b00000, 0x0000000081c00000, 0x0000000081c00000|100%| O|  |TAMS 0x0000000081c00000, 0x0000000081b00000| Untracked 
|  28|0x0000000081c00000, 0x0000000081d00000, 0x0000000081d00000|100%| O|  |TAMS 0x0000000081d00000, 0x0000000081c00000| Untracked 
|  29|0x0000000081d00000, 0x0000000081e00000, 0x0000000081e00000|100%| O|  |TAMS 0x0000000081e00000, 0x0000000081d00000| Untracked 
|  30|0x0000000081e00000, 0x0000000081f00000, 0x0000000081f00000|100%| O|  |TAMS 0x0000000081f00000, 0x0000000081e00000| Untracked 
|  31|0x0000000081f00000, 0x0000000082000000, 0x0000000082000000|100%| O|  |TAMS 0x0000000082000000, 0x0000000081f00000| Untracked 
|  32|0x0000000082000000, 0x0000000082100000, 0x0000000082100000|100%| O|  |TAMS 0x0000000082100000, 0x0000000082000000| Untracked 
|  33|0x0000000082100000, 0x0000000082200000, 0x0000000082200000|100%| O|  |TAMS 0x0000000082200000, 0x0000000082100000| Untracked 
|  34|0x0000000082200000, 0x0000000082300000, 0x0000000082300000|100%| O|  |TAMS 0x0000000082300000, 0x0000000082200000| Untracked 
|  35|0x0000000082300000, 0x0000000082400000, 0x0000000082400000|100%| O|  |TAMS 0x0000000082400000, 0x0000000082300000| Untracked 
|  36|0x0000000082400000, 0x0000000082500000, 0x0000000082500000|100%| O|  |TAMS 0x0000000082500000, 0x0000000082400000| Untracked 
|  37|0x0000000082500000, 0x0000000082600000, 0x0000000082600000|100%| O|  |TAMS 0x0000000082500000, 0x0000000082500000| Untracked 
|  38|0x0000000082600000, 0x0000000082700000, 0x0000000082700000|100%| O|  |TAMS 0x0000000082700000, 0x0000000082600000| Untracked 
|  39|0x0000000082700000, 0x0000000082800000, 0x0000000082800000|100%| O|  |TAMS 0x0000000082800000, 0x0000000082700000| Untracked 
|  40|0x0000000082800000, 0x0000000082900000, 0x0000000082900000|100%| O|  |TAMS 0x0000000082900000, 0x0000000082800000| Untracked 
|  41|0x0000000082900000, 0x0000000082a00000, 0x0000000082a00000|100%|HS|  |TAMS 0x0000000082a00000, 0x0000000082900000| Complete 
|  42|0x0000000082a00000, 0x0000000082b00000, 0x0000000082b00000|100%|HC|  |TAMS 0x0000000082b00000, 0x0000000082a00000| Complete 
|  43|0x0000000082b00000, 0x0000000082c00000, 0x0000000082c00000|100%|HS|  |TAMS 0x0000000082c00000, 0x0000000082b00000| Complete 
|  44|0x0000000082c00000, 0x0000000082d00000, 0x0000000082d00000|100%|HC|  |TAMS 0x0000000082d00000, 0x0000000082c00000| Complete 
|  45|0x0000000082d00000, 0x0000000082e00000, 0x0000000082e00000|100%|HC|  |TAMS 0x0000000082e00000, 0x0000000082d00000| Complete 
|  46|0x0000000082e00000, 0x0000000082f00000, 0x0000000082f00000|100%|HS|  |TAMS 0x0000000082f00000, 0x0000000082e00000| Complete 
|  47|0x0000000082f00000, 0x0000000083000000, 0x0000000083000000|100%|HC|  |TAMS 0x0000000083000000, 0x0000000082f00000| Complete 
|  48|0x0000000083000000, 0x0000000083100000, 0x0000000083100000|100%| O|  |TAMS 0x0000000083100000, 0x0000000083000000| Untracked 
|  49|0x0000000083100000, 0x0000000083200000, 0x0000000083200000|100%| O|  |TAMS 0x0000000083200000, 0x0000000083100000| Untracked 
|  50|0x0000000083200000, 0x0000000083300000, 0x0000000083300000|100%| O|  |TAMS 0x0000000083300000, 0x0000000083200000| Untracked 
|  51|0x0000000083300000, 0x0000000083400000, 0x0000000083400000|100%| O|  |TAMS 0x0000000083400000, 0x0000000083300000| Untracked 
|  52|0x0000000083400000, 0x0000000083500000, 0x0000000083500000|100%| O|  |TAMS 0x0000000083500000, 0x0000000083400000| Untracked 
|  53|0x0000000083500000, 0x0000000083600000, 0x0000000083600000|100%| O|  |TAMS 0x0000000083600000, 0x0000000083500000| Untracked 
|  54|0x0000000083600000, 0x0000000083700000, 0x0000000083700000|100%| O|  |TAMS 0x0000000083700000, 0x0000000083600000| Untracked 
|  55|0x0000000083700000, 0x0000000083800000, 0x0000000083800000|100%| O|  |TAMS 0x0000000083800000, 0x0000000083700000| Untracked 
|  56|0x0000000083800000, 0x0000000083900000, 0x0000000083900000|100%| O|  |TAMS 0x0000000083800000, 0x0000000083800000| Untracked 
|  57|0x0000000083900000, 0x0000000083a00000, 0x0000000083a00000|100%| O|  |TAMS 0x0000000083a00000, 0x0000000083900000| Untracked 
|  58|0x0000000083a00000, 0x0000000083b00000, 0x0000000083b00000|100%| O|  |TAMS 0x0000000083b00000, 0x0000000083a00000| Untracked 
|  59|0x0000000083b00000, 0x0000000083c00000, 0x0000000083c00000|100%| O|  |TAMS 0x0000000083c00000, 0x0000000083b00000| Untracked 
|  60|0x0000000083c00000, 0x0000000083d00000, 0x0000000083d00000|100%|HS|  |TAMS 0x0000000083d00000, 0x0000000083c00000| Complete 
|  61|0x0000000083d00000, 0x0000000083e00000, 0x0000000083e00000|100%|HC|  |TAMS 0x0000000083e00000, 0x0000000083d00000| Complete 
|  62|0x0000000083e00000, 0x0000000083f00000, 0x0000000083f00000|100%|HC|  |TAMS 0x0000000083f00000, 0x0000000083e00000| Complete 
|  63|0x0000000083f00000, 0x0000000084000000, 0x0000000084000000|100%| O|  |TAMS 0x0000000084000000, 0x0000000083f00000| Untracked 
|  64|0x0000000084000000, 0x0000000084100000, 0x0000000084100000|100%| O|  |TAMS 0x0000000084100000, 0x0000000084000000| Untracked 
|  65|0x0000000084100000, 0x0000000084200000, 0x0000000084200000|100%| O|  |TAMS 0x0000000084200000, 0x0000000084100000| Untracked 
|  66|0x0000000084200000, 0x0000000084300000, 0x0000000084300000|100%| O|  |TAMS 0x0000000084298400, 0x0000000084200000| Untracked 
|  67|0x0000000084300000, 0x0000000084400000, 0x0000000084400000|100%| O|  |TAMS 0x0000000084300000, 0x0000000084300000| Untracked 
|  68|0x0000000084400000, 0x0000000084500000, 0x0000000084500000|100%| O|  |TAMS 0x0000000084400000, 0x0000000084400000| Untracked 
|  69|0x0000000084500000, 0x0000000084600000, 0x0000000084600000|100%| O|  |TAMS 0x0000000084500000, 0x0000000084500000| Untracked 
|  70|0x0000000084600000, 0x0000000084700000, 0x0000000084700000|100%| O|  |TAMS 0x0000000084600000, 0x0000000084600000| Untracked 
|  71|0x0000000084700000, 0x0000000084800000, 0x0000000084800000|100%| O|  |TAMS 0x0000000084700000, 0x0000000084700000| Untracked 
|  72|0x0000000084800000, 0x0000000084900000, 0x0000000084900000|100%| O|  |TAMS 0x0000000084800000, 0x0000000084800000| Untracked 
|  73|0x0000000084900000, 0x0000000084a00000, 0x0000000084a00000|100%| O|  |TAMS 0x0000000084900000, 0x0000000084900000| Untracked 
|  74|0x0000000084a00000, 0x0000000084b00000, 0x0000000084b00000|100%| O|  |TAMS 0x0000000084a00000, 0x0000000084a00000| Untracked 
|  75|0x0000000084b00000, 0x0000000084c00000, 0x0000000084c00000|100%| O|  |TAMS 0x0000000084b00000, 0x0000000084b00000| Untracked 
|  76|0x0000000084c00000, 0x0000000084d00000, 0x0000000084d00000|100%| O|  |TAMS 0x0000000084c00000, 0x0000000084c00000| Untracked 
|  77|0x0000000084d00000, 0x0000000084e00000, 0x0000000084e00000|100%| O|  |TAMS 0x0000000084d00000, 0x0000000084d00000| Untracked 
|  78|0x0000000084e00000, 0x0000000084f00000, 0x0000000084f00000|100%| O|  |TAMS 0x0000000084e00000, 0x0000000084e00000| Untracked 
|  79|0x0000000084f00000, 0x0000000085000000, 0x0000000085000000|100%| O|  |TAMS 0x0000000084f00000, 0x0000000084f00000| Untracked 
|  80|0x0000000085000000, 0x0000000085100000, 0x0000000085100000|100%| O|  |TAMS 0x0000000085000000, 0x0000000085000000| Untracked 
|  81|0x0000000085100000, 0x0000000085200000, 0x0000000085200000|100%| O|  |TAMS 0x0000000085100000, 0x0000000085100000| Untracked 
|  82|0x0000000085200000, 0x0000000085300000, 0x0000000085300000|100%|HS|  |TAMS 0x0000000085200000, 0x0000000085200000| Complete 
|  83|0x0000000085300000, 0x0000000085400000, 0x0000000085400000|100%|HS|  |TAMS 0x0000000085300000, 0x0000000085300000| Complete 
|  84|0x0000000085400000, 0x0000000085500000, 0x0000000085500000|100%|HS|  |TAMS 0x0000000085400000, 0x0000000085400000| Complete 
|  85|0x0000000085500000, 0x0000000085600000, 0x0000000085600000|100%|HS|  |TAMS 0x0000000085500000, 0x0000000085500000| Complete 
|  86|0x0000000085600000, 0x0000000085700000, 0x0000000085700000|100%| O|  |TAMS 0x0000000085600000, 0x0000000085600000| Untracked 
|  87|0x0000000085700000, 0x0000000085800000, 0x0000000085800000|100%|HS|  |TAMS 0x0000000085700000, 0x0000000085700000| Complete 
|  88|0x0000000085800000, 0x0000000085900000, 0x0000000085900000|100%|HS|  |TAMS 0x0000000085800000, 0x0000000085800000| Complete 
|  89|0x0000000085900000, 0x0000000085a00000, 0x0000000085a00000|100%|HS|  |TAMS 0x0000000085900000, 0x0000000085900000| Complete 
|  90|0x0000000085a00000, 0x0000000085b00000, 0x0000000085b00000|100%|HC|  |TAMS 0x0000000085a00000, 0x0000000085a00000| Complete 
|  91|0x0000000085b00000, 0x0000000085c00000, 0x0000000085c00000|100%| O|  |TAMS 0x0000000085b00000, 0x0000000085b00000| Untracked 
|  92|0x0000000085c00000, 0x0000000085d00000, 0x0000000085d00000|100%|HS|  |TAMS 0x0000000085c00000, 0x0000000085c00000| Complete 
|  93|0x0000000085d00000, 0x0000000085e00000, 0x0000000085e00000|100%| O|  |TAMS 0x0000000085d00000, 0x0000000085d00000| Untracked 
|  94|0x0000000085e00000, 0x0000000085f00000, 0x0000000085f00000|100%| O|  |TAMS 0x0000000085e00000, 0x0000000085e00000| Untracked 
|  95|0x0000000085f00000, 0x0000000086000000, 0x0000000086000000|100%| O|  |TAMS 0x0000000085f00000, 0x0000000085f00000| Untracked 
|  96|0x0000000086000000, 0x0000000086100000, 0x0000000086100000|100%| O|  |TAMS 0x0000000086000000, 0x0000000086000000| Untracked 
|  97|0x0000000086100000, 0x0000000086200000, 0x0000000086200000|100%| O|  |TAMS 0x0000000086100000, 0x0000000086100000| Untracked 
|  98|0x0000000086200000, 0x0000000086300000, 0x0000000086300000|100%| O|  |TAMS 0x0000000086200000, 0x0000000086200000| Untracked 
|  99|0x0000000086300000, 0x0000000086400000, 0x0000000086400000|100%| O|  |TAMS 0x0000000086300000, 0x0000000086300000| Untracked 
| 100|0x0000000086400000, 0x0000000086500000, 0x0000000086500000|100%| O|  |TAMS 0x0000000086400000, 0x0000000086400000| Untracked 
| 101|0x0000000086500000, 0x0000000086600000, 0x0000000086600000|100%| O|  |TAMS 0x0000000086500000, 0x0000000086500000| Untracked 
| 102|0x0000000086600000, 0x0000000086700000, 0x0000000086700000|100%| O|  |TAMS 0x0000000086600000, 0x0000000086600000| Untracked 
| 103|0x0000000086700000, 0x0000000086800000, 0x0000000086800000|100%| O|  |TAMS 0x0000000086700000, 0x0000000086700000| Untracked 
| 104|0x0000000086800000, 0x0000000086900000, 0x0000000086900000|100%| O|  |TAMS 0x0000000086800000, 0x0000000086800000| Untracked 
| 105|0x0000000086900000, 0x0000000086a00000, 0x0000000086a00000|100%| O|  |TAMS 0x0000000086900000, 0x0000000086900000| Untracked 
| 106|0x0000000086a00000, 0x0000000086b00000, 0x0000000086b00000|100%| O|  |TAMS 0x0000000086a00000, 0x0000000086a00000| Untracked 
| 107|0x0000000086b00000, 0x0000000086c00000, 0x0000000086c00000|100%| O|  |TAMS 0x0000000086b00000, 0x0000000086b00000| Untracked 
| 108|0x0000000086c00000, 0x0000000086d00000, 0x0000000086d00000|100%| O|  |TAMS 0x0000000086c00000, 0x0000000086c00000| Untracked 
| 109|0x0000000086d00000, 0x0000000086e00000, 0x0000000086e00000|100%| O|  |TAMS 0x0000000086d00000, 0x0000000086d00000| Untracked 
| 110|0x0000000086e00000, 0x0000000086f00000, 0x0000000086f00000|100%| O|  |TAMS 0x0000000086e00000, 0x0000000086e00000| Untracked 
| 111|0x0000000086f00000, 0x0000000087000000, 0x0000000087000000|100%| O|  |TAMS 0x0000000086f00000, 0x0000000086f00000| Untracked 
| 112|0x0000000087000000, 0x0000000087100000, 0x0000000087100000|100%| O|  |TAMS 0x0000000087000000, 0x0000000087000000| Untracked 
| 113|0x0000000087100000, 0x0000000087200000, 0x0000000087200000|100%| O|  |TAMS 0x0000000087100000, 0x0000000087100000| Untracked 
| 114|0x0000000087200000, 0x0000000087300000, 0x0000000087300000|100%| O|  |TAMS 0x0000000087200000, 0x0000000087200000| Untracked 
| 115|0x0000000087300000, 0x0000000087400000, 0x0000000087400000|100%| O|  |TAMS 0x0000000087300000, 0x0000000087300000| Untracked 
| 116|0x0000000087400000, 0x0000000087500000, 0x0000000087500000|100%| O|  |TAMS 0x0000000087400000, 0x0000000087400000| Untracked 
| 117|0x0000000087500000, 0x0000000087600000, 0x0000000087600000|100%| O|  |TAMS 0x0000000087500000, 0x0000000087500000| Untracked 
| 118|0x0000000087600000, 0x0000000087700000, 0x0000000087700000|100%| O|  |TAMS 0x0000000087600000, 0x0000000087600000| Untracked 
| 119|0x0000000087700000, 0x0000000087800000, 0x0000000087800000|100%| O|  |TAMS 0x0000000087700000, 0x0000000087700000| Untracked 
| 120|0x0000000087800000, 0x0000000087900000, 0x0000000087900000|100%| O|  |TAMS 0x0000000087800000, 0x0000000087800000| Untracked 
| 121|0x0000000087900000, 0x0000000087a00000, 0x0000000087a00000|100%| O|  |TAMS 0x0000000087900000, 0x0000000087900000| Untracked 
| 122|0x0000000087a00000, 0x0000000087b00000, 0x0000000087b00000|100%| O|  |TAMS 0x0000000087a00000, 0x0000000087a00000| Untracked 
| 123|0x0000000087b00000, 0x0000000087c00000, 0x0000000087c00000|100%| O|  |TAMS 0x0000000087b00000, 0x0000000087b00000| Untracked 
| 124|0x0000000087c00000, 0x0000000087d00000, 0x0000000087d00000|100%| O|  |TAMS 0x0000000087c00000, 0x0000000087c00000| Untracked 
| 125|0x0000000087d00000, 0x0000000087e00000, 0x0000000087e00000|100%| O|  |TAMS 0x0000000087d00000, 0x0000000087d00000| Untracked 
| 126|0x0000000087e00000, 0x0000000087f00000, 0x0000000087f00000|100%| O|  |TAMS 0x0000000087e00000, 0x0000000087e00000| Untracked 
| 127|0x0000000087f00000, 0x0000000088000000, 0x0000000088000000|100%| O|  |TAMS 0x0000000087f00000, 0x0000000087f00000| Untracked 
| 128|0x0000000088000000, 0x0000000088100000, 0x0000000088100000|100%| O|  |TAMS 0x0000000088000000, 0x0000000088000000| Untracked 
| 129|0x0000000088100000, 0x0000000088200000, 0x0000000088200000|100%| O|  |TAMS 0x0000000088100000, 0x0000000088100000| Untracked 
| 130|0x0000000088200000, 0x0000000088300000, 0x0000000088300000|100%| O|  |TAMS 0x0000000088200000, 0x0000000088200000| Untracked 
| 131|0x0000000088300000, 0x0000000088400000, 0x0000000088400000|100%| O|  |TAMS 0x0000000088300000, 0x0000000088300000| Untracked 
| 132|0x0000000088400000, 0x0000000088500000, 0x0000000088500000|100%| O|  |TAMS 0x0000000088400000, 0x0000000088400000| Untracked 
| 133|0x0000000088500000, 0x0000000088600000, 0x0000000088600000|100%| O|  |TAMS 0x0000000088500000, 0x0000000088500000| Untracked 
| 134|0x0000000088600000, 0x0000000088700000, 0x0000000088700000|100%| O|  |TAMS 0x0000000088600000, 0x0000000088600000| Untracked 
| 135|0x0000000088700000, 0x0000000088800000, 0x0000000088800000|100%| O|  |TAMS 0x0000000088700000, 0x0000000088700000| Untracked 
| 136|0x0000000088800000, 0x0000000088900000, 0x0000000088900000|100%| O|  |TAMS 0x0000000088800000, 0x0000000088800000| Untracked 
| 137|0x0000000088900000, 0x0000000088a00000, 0x0000000088a00000|100%| O|  |TAMS 0x0000000088900000, 0x0000000088900000| Untracked 
| 138|0x0000000088a00000, 0x0000000088b00000, 0x0000000088b00000|100%| O|  |TAMS 0x0000000088a00000, 0x0000000088a00000| Untracked 
| 139|0x0000000088b00000, 0x0000000088c00000, 0x0000000088c00000|100%| O|  |TAMS 0x0000000088b00000, 0x0000000088b00000| Untracked 
| 140|0x0000000088c00000, 0x0000000088d00000, 0x0000000088d00000|100%| O|  |TAMS 0x0000000088c00000, 0x0000000088c00000| Untracked 
| 141|0x0000000088d00000, 0x0000000088e00000, 0x0000000088e00000|100%| O|  |TAMS 0x0000000088d00000, 0x0000000088d00000| Untracked 
| 142|0x0000000088e00000, 0x0000000088f00000, 0x0000000088f00000|100%| O|  |TAMS 0x0000000088e00000, 0x0000000088e00000| Untracked 
| 143|0x0000000088f00000, 0x0000000089000000, 0x0000000089000000|100%| O|  |TAMS 0x0000000088f00000, 0x0000000088f00000| Untracked 
| 144|0x0000000089000000, 0x0000000089100000, 0x0000000089100000|100%| O|  |TAMS 0x0000000089000000, 0x0000000089000000| Untracked 
| 145|0x0000000089100000, 0x0000000089200000, 0x0000000089200000|100%|HS|  |TAMS 0x0000000089100000, 0x0000000089100000| Complete 
| 146|0x0000000089200000, 0x0000000089300000, 0x0000000089300000|100%|HS|  |TAMS 0x0000000089200000, 0x0000000089200000| Complete 
| 147|0x0000000089300000, 0x0000000089400000, 0x0000000089400000|100%|HS|  |TAMS 0x0000000089300000, 0x0000000089300000| Complete 
| 148|0x0000000089400000, 0x0000000089500000, 0x0000000089500000|100%|HC|  |TAMS 0x0000000089400000, 0x0000000089400000| Complete 
| 149|0x0000000089500000, 0x0000000089600000, 0x0000000089600000|100%| O|  |TAMS 0x0000000089500000, 0x0000000089500000| Untracked 
| 150|0x0000000089600000, 0x0000000089700000, 0x0000000089700000|100%| O|  |TAMS 0x0000000089600000, 0x0000000089600000| Untracked 
| 151|0x0000000089700000, 0x0000000089800000, 0x0000000089800000|100%| O|  |TAMS 0x0000000089700000, 0x0000000089700000| Untracked 
| 152|0x0000000089800000, 0x0000000089900000, 0x0000000089900000|100%| O|  |TAMS 0x0000000089800000, 0x0000000089800000| Untracked 
| 153|0x0000000089900000, 0x0000000089a00000, 0x0000000089a00000|100%| O|  |TAMS 0x0000000089900000, 0x0000000089900000| Untracked 
| 154|0x0000000089a00000, 0x0000000089b00000, 0x0000000089b00000|100%| O|  |TAMS 0x0000000089a00000, 0x0000000089a00000| Untracked 
| 155|0x0000000089b00000, 0x0000000089c00000, 0x0000000089c00000|100%| O|  |TAMS 0x0000000089b00000, 0x0000000089b00000| Untracked 
| 156|0x0000000089c00000, 0x0000000089d00000, 0x0000000089d00000|100%| O|  |TAMS 0x0000000089c00000, 0x0000000089c00000| Untracked 
| 157|0x0000000089d00000, 0x0000000089e00000, 0x0000000089e00000|100%| O|  |TAMS 0x0000000089d00000, 0x0000000089d00000| Untracked 
| 158|0x0000000089e00000, 0x0000000089f00000, 0x0000000089f00000|100%| O|  |TAMS 0x0000000089e00000, 0x0000000089e00000| Untracked 
| 159|0x0000000089f00000, 0x000000008a000000, 0x000000008a000000|100%| O|  |TAMS 0x0000000089f00000, 0x0000000089f00000| Untracked 
| 160|0x000000008a000000, 0x000000008a100000, 0x000000008a100000|100%| O|  |TAMS 0x000000008a000000, 0x000000008a000000| Untracked 
| 161|0x000000008a100000, 0x000000008a200000, 0x000000008a200000|100%| O|  |TAMS 0x000000008a100000, 0x000000008a100000| Untracked 
| 162|0x000000008a200000, 0x000000008a300000, 0x000000008a300000|100%| O|  |TAMS 0x000000008a200000, 0x000000008a200000| Untracked 
| 163|0x000000008a300000, 0x000000008a400000, 0x000000008a400000|100%| O|  |TAMS 0x000000008a300000, 0x000000008a300000| Untracked 
| 164|0x000000008a400000, 0x000000008a500000, 0x000000008a500000|100%| O|  |TAMS 0x000000008a400000, 0x000000008a400000| Untracked 
| 165|0x000000008a500000, 0x000000008a600000, 0x000000008a600000|100%| O|  |TAMS 0x000000008a500000, 0x000000008a500000| Untracked 
| 166|0x000000008a600000, 0x000000008a700000, 0x000000008a700000|100%| O|  |TAMS 0x000000008a600000, 0x000000008a600000| Untracked 
| 167|0x000000008a700000, 0x000000008a800000, 0x000000008a800000|100%| O|  |TAMS 0x000000008a700000, 0x000000008a700000| Untracked 
| 168|0x000000008a800000, 0x000000008a900000, 0x000000008a900000|100%| O|  |TAMS 0x000000008a800000, 0x000000008a800000| Untracked 
| 169|0x000000008a900000, 0x000000008aa00000, 0x000000008aa00000|100%| O|  |TAMS 0x000000008a900000, 0x000000008a900000| Untracked 
| 170|0x000000008aa00000, 0x000000008ab00000, 0x000000008ab00000|100%| O|  |TAMS 0x000000008aa00000, 0x000000008aa00000| Untracked 
| 171|0x000000008ab00000, 0x000000008ac00000, 0x000000008ac00000|100%| O|  |TAMS 0x000000008ab00000, 0x000000008ab00000| Untracked 
| 172|0x000000008ac00000, 0x000000008ad00000, 0x000000008ad00000|100%| O|  |TAMS 0x000000008ac00000, 0x000000008ac00000| Untracked 
| 173|0x000000008ad00000, 0x000000008ae00000, 0x000000008ae00000|100%| O|  |TAMS 0x000000008ad00000, 0x000000008ad00000| Untracked 
| 174|0x000000008ae00000, 0x000000008af00000, 0x000000008af00000|100%|HS|  |TAMS 0x000000008ae00000, 0x000000008ae00000| Complete 
| 175|0x000000008af00000, 0x000000008b000000, 0x000000008b000000|100%|HS|  |TAMS 0x000000008af00000, 0x000000008af00000| Complete 
| 176|0x000000008b000000, 0x000000008b100000, 0x000000008b100000|100%| O|  |TAMS 0x000000008b000000, 0x000000008b000000| Untracked 
| 177|0x000000008b100000, 0x000000008b200000, 0x000000008b200000|100%| O|  |TAMS 0x000000008b100000, 0x000000008b100000| Untracked 
| 178|0x000000008b200000, 0x000000008b300000, 0x000000008b300000|100%| O|  |TAMS 0x000000008b200000, 0x000000008b200000| Untracked 
| 179|0x000000008b300000, 0x000000008b400000, 0x000000008b400000|100%| O|  |TAMS 0x000000008b300000, 0x000000008b300000| Untracked 
| 180|0x000000008b400000, 0x000000008b500000, 0x000000008b500000|100%| O|  |TAMS 0x000000008b400000, 0x000000008b400000| Untracked 
| 181|0x000000008b500000, 0x000000008b600000, 0x000000008b600000|100%| O|  |TAMS 0x000000008b500000, 0x000000008b500000| Untracked 
| 182|0x000000008b600000, 0x000000008b700000, 0x000000008b700000|100%| O|  |TAMS 0x000000008b600000, 0x000000008b600000| Untracked 
| 183|0x000000008b700000, 0x000000008b800000, 0x000000008b800000|100%| O|  |TAMS 0x000000008b700000, 0x000000008b700000| Untracked 
| 184|0x000000008b800000, 0x000000008b900000, 0x000000008b900000|100%| O|  |TAMS 0x000000008b800000, 0x000000008b800000| Untracked 
| 185|0x000000008b900000, 0x000000008ba00000, 0x000000008ba00000|100%| O|  |TAMS 0x000000008b900000, 0x000000008b900000| Untracked 
| 186|0x000000008ba00000, 0x000000008bb00000, 0x000000008bb00000|100%| O|  |TAMS 0x000000008ba00000, 0x000000008ba00000| Untracked 
| 187|0x000000008bb00000, 0x000000008bc00000, 0x000000008bc00000|100%|HS|  |TAMS 0x000000008bb00000, 0x000000008bb00000| Complete 
| 188|0x000000008bc00000, 0x000000008bd00000, 0x000000008bd00000|100%| O|  |TAMS 0x000000008bc00000, 0x000000008bc00000| Untracked 
| 189|0x000000008bd00000, 0x000000008be00000, 0x000000008be00000|100%| O|  |TAMS 0x000000008bd00000, 0x000000008bd00000| Untracked 
| 190|0x000000008be00000, 0x000000008bf00000, 0x000000008bf00000|100%| O|  |TAMS 0x000000008be00000, 0x000000008be00000| Untracked 
| 191|0x000000008bf00000, 0x000000008c000000, 0x000000008c000000|100%| O|  |TAMS 0x000000008bf00000, 0x000000008bf00000| Untracked 
| 192|0x000000008c000000, 0x000000008c100000, 0x000000008c100000|100%| O|  |TAMS 0x000000008c000000, 0x000000008c000000| Untracked 
| 193|0x000000008c100000, 0x000000008c200000, 0x000000008c200000|100%| O|  |TAMS 0x000000008c100000, 0x000000008c100000| Untracked 
| 194|0x000000008c200000, 0x000000008c300000, 0x000000008c300000|100%| O|  |TAMS 0x000000008c200000, 0x000000008c200000| Untracked 
| 195|0x000000008c300000, 0x000000008c400000, 0x000000008c400000|100%| O|  |TAMS 0x000000008c300000, 0x000000008c300000| Untracked 
| 196|0x000000008c400000, 0x000000008c500000, 0x000000008c500000|100%| O|  |TAMS 0x000000008c400000, 0x000000008c400000| Untracked 
| 197|0x000000008c500000, 0x000000008c56ec00, 0x000000008c600000| 43%| O|  |TAMS 0x000000008c500000, 0x000000008c500000| Untracked 
| 198|0x000000008c600000, 0x000000008c600000, 0x000000008c700000|  0%| F|  |TAMS 0x000000008c600000, 0x000000008c600000| Untracked 
| 199|0x000000008c700000, 0x000000008c700000, 0x000000008c800000|  0%| F|  |TAMS 0x000000008c700000, 0x000000008c700000| Untracked 
| 200|0x000000008c800000, 0x000000008c800000, 0x000000008c900000|  0%| F|  |TAMS 0x000000008c800000, 0x000000008c800000| Untracked 
| 201|0x000000008c900000, 0x000000008c900000, 0x000000008ca00000|  0%| F|  |TAMS 0x000000008c900000, 0x000000008c900000| Untracked 
| 202|0x000000008ca00000, 0x000000008ca00000, 0x000000008cb00000|  0%| F|  |TAMS 0x000000008ca00000, 0x000000008ca00000| Untracked 
| 203|0x000000008cb00000, 0x000000008cb00000, 0x000000008cc00000|  0%| F|  |TAMS 0x000000008cb00000, 0x000000008cb00000| Untracked 
| 204|0x000000008cc00000, 0x000000008cc00000, 0x000000008cd00000|  0%| F|  |TAMS 0x000000008cc00000, 0x000000008cc00000| Untracked 
| 205|0x000000008cd00000, 0x000000008cd00000, 0x000000008ce00000|  0%| F|  |TAMS 0x000000008cd00000, 0x000000008cd00000| Untracked 
| 206|0x000000008ce00000, 0x000000008ce00000, 0x000000008cf00000|  0%| F|  |TAMS 0x000000008ce00000, 0x000000008ce00000| Untracked 
| 207|0x000000008cf00000, 0x000000008cf00000, 0x000000008d000000|  0%| F|  |TAMS 0x000000008cf00000, 0x000000008cf00000| Untracked 
| 208|0x000000008d000000, 0x000000008d000000, 0x000000008d100000|  0%| F|  |TAMS 0x000000008d000000, 0x000000008d000000| Untracked 
| 209|0x000000008d100000, 0x000000008d100000, 0x000000008d200000|  0%| F|  |TAMS 0x000000008d100000, 0x000000008d100000| Untracked 
| 210|0x000000008d200000, 0x000000008d200000, 0x000000008d300000|  0%| F|  |TAMS 0x000000008d200000, 0x000000008d200000| Untracked 
| 211|0x000000008d300000, 0x000000008d300000, 0x000000008d400000|  0%| F|  |TAMS 0x000000008d300000, 0x000000008d300000| Untracked 
| 212|0x000000008d400000, 0x000000008d400000, 0x000000008d500000|  0%| F|  |TAMS 0x000000008d400000, 0x000000008d400000| Untracked 
| 213|0x000000008d500000, 0x000000008d500000, 0x000000008d600000|  0%| F|  |TAMS 0x000000008d500000, 0x000000008d500000| Untracked 
| 214|0x000000008d600000, 0x000000008d600000, 0x000000008d700000|  0%| F|  |TAMS 0x000000008d600000, 0x000000008d600000| Untracked 
| 215|0x000000008d700000, 0x000000008d700000, 0x000000008d800000|  0%| F|  |TAMS 0x000000008d700000, 0x000000008d700000| Untracked 
| 216|0x000000008d800000, 0x000000008d800000, 0x000000008d900000|  0%| F|  |TAMS 0x000000008d800000, 0x000000008d800000| Untracked 
| 217|0x000000008d900000, 0x000000008d900000, 0x000000008da00000|  0%| F|  |TAMS 0x000000008d900000, 0x000000008d900000| Untracked 
| 218|0x000000008da00000, 0x000000008da00000, 0x000000008db00000|  0%| F|  |TAMS 0x000000008da00000, 0x000000008da00000| Untracked 
| 219|0x000000008db00000, 0x000000008db00000, 0x000000008dc00000|  0%| F|  |TAMS 0x000000008db00000, 0x000000008db00000| Untracked 
| 220|0x000000008dc00000, 0x000000008dc00000, 0x000000008dd00000|  0%| F|  |TAMS 0x000000008dc00000, 0x000000008dc00000| Untracked 
| 221|0x000000008dd00000, 0x000000008dd00000, 0x000000008de00000|  0%| F|  |TAMS 0x000000008dd00000, 0x000000008dd00000| Untracked 
| 222|0x000000008de00000, 0x000000008de00000, 0x000000008df00000|  0%| F|  |TAMS 0x000000008de00000, 0x000000008de00000| Untracked 
| 223|0x000000008df00000, 0x000000008df00000, 0x000000008e000000|  0%| F|  |TAMS 0x000000008df00000, 0x000000008df00000| Untracked 
| 224|0x000000008e000000, 0x000000008e000000, 0x000000008e100000|  0%| F|  |TAMS 0x000000008e000000, 0x000000008e000000| Untracked 
| 225|0x000000008e100000, 0x000000008e100000, 0x000000008e200000|  0%| F|  |TAMS 0x000000008e100000, 0x000000008e100000| Untracked 
| 226|0x000000008e200000, 0x000000008e200000, 0x000000008e300000|  0%| F|  |TAMS 0x000000008e200000, 0x000000008e200000| Untracked 
| 227|0x000000008e300000, 0x000000008e300000, 0x000000008e400000|  0%| F|  |TAMS 0x000000008e300000, 0x000000008e300000| Untracked 
| 228|0x000000008e400000, 0x000000008e400000, 0x000000008e500000|  0%| F|  |TAMS 0x000000008e400000, 0x000000008e400000| Untracked 
| 229|0x000000008e500000, 0x000000008e500000, 0x000000008e600000|  0%| F|  |TAMS 0x000000008e500000, 0x000000008e500000| Untracked 
| 230|0x000000008e600000, 0x000000008e600000, 0x000000008e700000|  0%| F|  |TAMS 0x000000008e600000, 0x000000008e600000| Untracked 
| 231|0x000000008e700000, 0x000000008e700000, 0x000000008e800000|  0%| F|  |TAMS 0x000000008e700000, 0x000000008e700000| Untracked 
| 232|0x000000008e800000, 0x000000008e800000, 0x000000008e900000|  0%| F|  |TAMS 0x000000008e800000, 0x000000008e800000| Untracked 
| 233|0x000000008e900000, 0x000000008e900000, 0x000000008ea00000|  0%| F|  |TAMS 0x000000008e900000, 0x000000008e900000| Untracked 
| 234|0x000000008ea00000, 0x000000008ea00000, 0x000000008eb00000|  0%| F|  |TAMS 0x000000008ea00000, 0x000000008ea00000| Untracked 
| 235|0x000000008eb00000, 0x000000008eb00000, 0x000000008ec00000|  0%| F|  |TAMS 0x000000008eb00000, 0x000000008eb00000| Untracked 
| 236|0x000000008ec00000, 0x000000008ecd3a40, 0x000000008ed00000| 82%| S|CS|TAMS 0x000000008ec00000, 0x000000008ec00000| Complete 
| 237|0x000000008ed00000, 0x000000008ee00000, 0x000000008ee00000|100%| S|CS|TAMS 0x000000008ed00000, 0x000000008ed00000| Complete 
| 238|0x000000008ee00000, 0x000000008ef00000, 0x000000008ef00000|100%| S|CS|TAMS 0x000000008ee00000, 0x000000008ee00000| Complete 
| 239|0x000000008ef00000, 0x000000008ef00000, 0x000000008f000000|  0%| F|  |TAMS 0x000000008ef00000, 0x000000008ef00000| Untracked 
| 240|0x000000008f000000, 0x000000008f000000, 0x000000008f100000|  0%| F|  |TAMS 0x000000008f000000, 0x000000008f000000| Untracked 
| 241|0x000000008f100000, 0x000000008f100000, 0x000000008f200000|  0%| F|  |TAMS 0x000000008f100000, 0x000000008f100000| Untracked 
| 242|0x000000008f200000, 0x000000008f200000, 0x000000008f300000|  0%| F|  |TAMS 0x000000008f200000, 0x000000008f200000| Untracked 
| 243|0x000000008f300000, 0x000000008f300000, 0x000000008f400000|  0%| F|  |TAMS 0x000000008f300000, 0x000000008f300000| Untracked 
| 244|0x000000008f400000, 0x000000008f400000, 0x000000008f500000|  0%| F|  |TAMS 0x000000008f400000, 0x000000008f400000| Untracked 
| 245|0x000000008f500000, 0x000000008f500000, 0x000000008f600000|  0%| F|  |TAMS 0x000000008f500000, 0x000000008f500000| Untracked 
| 246|0x000000008f600000, 0x000000008f600000, 0x000000008f700000|  0%| F|  |TAMS 0x000000008f600000, 0x000000008f600000| Untracked 
| 247|0x000000008f700000, 0x000000008f700000, 0x000000008f800000|  0%| F|  |TAMS 0x000000008f700000, 0x000000008f700000| Untracked 
| 248|0x000000008f800000, 0x000000008f800000, 0x000000008f900000|  0%| F|  |TAMS 0x000000008f800000, 0x000000008f800000| Untracked 
| 249|0x000000008f900000, 0x000000008f900000, 0x000000008fa00000|  0%| F|  |TAMS 0x000000008f900000, 0x000000008f900000| Untracked 
| 250|0x000000008fa00000, 0x000000008fa00000, 0x000000008fb00000|  0%| F|  |TAMS 0x000000008fa00000, 0x000000008fa00000| Untracked 
| 251|0x000000008fb00000, 0x000000008fb00000, 0x000000008fc00000|  0%| F|  |TAMS 0x000000008fb00000, 0x000000008fb00000| Untracked 
| 252|0x000000008fc00000, 0x000000008fc00000, 0x000000008fd00000|  0%| F|  |TAMS 0x000000008fc00000, 0x000000008fc00000| Untracked 
| 253|0x000000008fd00000, 0x000000008fd00000, 0x000000008fe00000|  0%| F|  |TAMS 0x000000008fd00000, 0x000000008fd00000| Untracked 
| 254|0x000000008fe00000, 0x000000008fe00000, 0x000000008ff00000|  0%| F|  |TAMS 0x000000008fe00000, 0x000000008fe00000| Untracked 
| 255|0x000000008ff00000, 0x000000008ff00000, 0x0000000090000000|  0%| F|  |TAMS 0x000000008ff00000, 0x000000008ff00000| Untracked 
| 256|0x0000000090000000, 0x0000000090000000, 0x0000000090100000|  0%| F|  |TAMS 0x0000000090000000, 0x0000000090000000| Untracked 
| 257|0x0000000090100000, 0x0000000090100000, 0x0000000090200000|  0%| F|  |TAMS 0x0000000090100000, 0x0000000090100000| Untracked 
| 258|0x0000000090200000, 0x0000000090200000, 0x0000000090300000|  0%| F|  |TAMS 0x0000000090200000, 0x0000000090200000| Untracked 
| 259|0x0000000090300000, 0x0000000090300000, 0x0000000090400000|  0%| F|  |TAMS 0x0000000090300000, 0x0000000090300000| Untracked 
| 260|0x0000000090400000, 0x0000000090400000, 0x0000000090500000|  0%| F|  |TAMS 0x0000000090400000, 0x0000000090400000| Untracked 
| 261|0x0000000090500000, 0x0000000090500000, 0x0000000090600000|  0%| F|  |TAMS 0x0000000090500000, 0x0000000090500000| Untracked 
| 262|0x0000000090600000, 0x0000000090600000, 0x0000000090700000|  0%| F|  |TAMS 0x0000000090600000, 0x0000000090600000| Untracked 
| 263|0x0000000090700000, 0x0000000090700000, 0x0000000090800000|  0%| F|  |TAMS 0x0000000090700000, 0x0000000090700000| Untracked 
| 264|0x0000000090800000, 0x0000000090800000, 0x0000000090900000|  0%| F|  |TAMS 0x0000000090800000, 0x0000000090800000| Untracked 
| 265|0x0000000090900000, 0x0000000090900000, 0x0000000090a00000|  0%| F|  |TAMS 0x0000000090900000, 0x0000000090900000| Untracked 
| 266|0x0000000090a00000, 0x0000000090a00000, 0x0000000090b00000|  0%| F|  |TAMS 0x0000000090a00000, 0x0000000090a00000| Untracked 
| 267|0x0000000090b00000, 0x0000000090b00000, 0x0000000090c00000|  0%| F|  |TAMS 0x0000000090b00000, 0x0000000090b00000| Untracked 
| 268|0x0000000090c00000, 0x0000000090c00000, 0x0000000090d00000|  0%| F|  |TAMS 0x0000000090c00000, 0x0000000090c00000| Untracked 
| 269|0x0000000090d00000, 0x0000000090d00000, 0x0000000090e00000|  0%| F|  |TAMS 0x0000000090d00000, 0x0000000090d00000| Untracked 
| 270|0x0000000090e00000, 0x0000000090e00000, 0x0000000090f00000|  0%| F|  |TAMS 0x0000000090e00000, 0x0000000090e00000| Untracked 
| 271|0x0000000090f00000, 0x0000000090f00000, 0x0000000091000000|  0%| F|  |TAMS 0x0000000090f00000, 0x0000000090f00000| Untracked 
| 272|0x0000000091000000, 0x0000000091000000, 0x0000000091100000|  0%| F|  |TAMS 0x0000000091000000, 0x0000000091000000| Untracked 
| 273|0x0000000091100000, 0x0000000091100000, 0x0000000091200000|  0%| F|  |TAMS 0x0000000091100000, 0x0000000091100000| Untracked 
| 274|0x0000000091200000, 0x0000000091200000, 0x0000000091300000|  0%| F|  |TAMS 0x0000000091200000, 0x0000000091200000| Untracked 
| 275|0x0000000091300000, 0x0000000091300000, 0x0000000091400000|  0%| F|  |TAMS 0x0000000091300000, 0x0000000091300000| Untracked 

Card table byte_map: [0x0000023537f40000,0x0000023538340000] _byte_map_base: 0x0000023537b40000

Marking Bits (Prev, Next): (CMBitMap*) 0x00000235212f64c0, (CMBitMap*) 0x00000235212f6500
 Prev Bits: [0x0000023538740000, 0x000002353a740000)
 Next Bits: [0x000002353a740000, 0x000002353c740000)

Polling page: 0x000002351f260000

Metaspace:

Usage:
  Non-class:     89.73 MB used.
      Class:     14.48 MB used.
       Both:    104.21 MB used.

Virtual space:
  Non-class space:      128.00 MB reserved,      90.56 MB ( 71%) committed,  2 nodes.
      Class space:      416.00 MB reserved,      15.12 MB (  4%) committed,  1 nodes.
             Both:      544.00 MB reserved,     105.69 MB ( 19%) committed. 

Chunk freelists:
   Non-Class:  4.98 MB
       Class:  851.00 KB
        Both:  5.81 MB

MaxMetaspaceSize: 512.00 MB
CompressedClassSpaceSize: 416.00 MB
Initial GC threshold: 21.00 MB
Current GC threshold: 111.69 MB
CDS: on
MetaspaceReclaimPolicy: balanced
 - commit_granule_bytes: 65536.
 - commit_granule_words: 8192.
 - virtual_space_node_default_size: 8388608.
 - enlarge_chunks_in_place: 1.
 - new_chunks_are_fully_committed: 0.
 - uncommit_free_chunks: 1.
 - use_allocation_guard: 0.
 - handle_deallocations: 1.


Internal statistics:

num_allocs_failed_limit: 6.
num_arena_births: 1750.
num_arena_deaths: 0.
num_vsnodes_births: 3.
num_vsnodes_deaths: 0.
num_space_committed: 1691.
num_space_uncommitted: 0.
num_chunks_returned_to_freelist: 6.
num_chunks_taken_from_freelist: 6702.
num_chunk_merges: 6.
num_chunk_splits: 4236.
num_chunks_enlarged: 2582.
num_inconsistent_stats: 0.

CodeHeap 'non-profiled nmethods': size=120000Kb used=9395Kb max_used=9395Kb free=110604Kb
 bounds [0x0000023530610000, 0x0000023530f40000, 0x0000023537b40000]
CodeHeap 'profiled nmethods': size=120000Kb used=26418Kb max_used=26418Kb free=93581Kb
 bounds [0x0000023528b40000, 0x000002352a510000, 0x0000023530070000]
CodeHeap 'non-nmethods': size=5760Kb used=2438Kb max_used=2512Kb free=3321Kb
 bounds [0x0000023530070000, 0x0000023530300000, 0x0000023530610000]
 total_blobs=14241 nmethods=13272 adapters=880
 compilation: enabled
              stopped_count=0, restarted_count=0
 full_count=0

Compilation events (20 events):
Event: 56.745 Thread 0x000002353ec1e060 nmethod 15554 0x000002352a50c710 code [0x000002352a50caa0, 0x000002352a50e628]
Event: 56.839 Thread 0x000002356021eac0 nmethod 15531 0x0000023530f2ff90 code [0x0000023530f302a0, 0x0000023530f32cf8]
Event: 56.840 Thread 0x000002356021eac0 15532       4       org.gradle.internal.component.model.DefaultAttributeMatcher$CachedQuery::computeHashCode (46 bytes)
Event: 56.847 Thread 0x000002356021eac0 nmethod 15532 0x0000023530f34790 code [0x0000023530f34920, 0x0000023530f34b78]
Event: 56.847 Thread 0x000002356021eac0 15547       4       org.gradle.api.internal.attributes.DefaultImmutableAttributes::equals (124 bytes)
Event: 56.848 Thread 0x000002356021eac0 nmethod 15547 0x0000023530f34d90 code [0x0000023530f34f00, 0x0000023530f34f98]
Event: 56.848 Thread 0x000002356021eac0 15533       4       org.gradle.api.internal.artifacts.repositories.resolver.ExternalResourceResolver$LocalRepositoryAccess::resolveComponentMetaData (1 bytes)
Event: 56.848 Thread 0x000002356021eac0 nmethod 15533 0x0000023530f35090 code [0x0000023530f35200, 0x0000023530f35278]
Event: 56.872 Thread 0x000002356021eac0 15555       4       org.gradle.internal.execution.steps.IdentifyStep::executeDeferred (11 bytes)
Event: 56.873 Thread 0x000002356021eac0 nmethod 15555 0x0000023530f35390 code [0x0000023530f35520, 0x0000023530f35608]
Event: 56.873 Thread 0x000002356021eac0 15556       4       org.gradle.api.internal.artifacts.transform.AbstractTransformExecution$$Lambda$912/0x000002354061e998::getValue (10 bytes)
Event: 56.876 Thread 0x000002356021eac0 nmethod 15556 0x0000023530f35710 code [0x0000023530f358a0, 0x0000023530f359d8]
Event: 57.118 Thread 0x000002353ec1e060 15557       3       java.util.concurrent.ArrayBlockingQueue::enqueue (53 bytes)
Event: 57.119 Thread 0x000002353ec1e060 nmethod 15557 0x000002352a50ef10 code [0x000002352a50f100, 0x000002352a50f708]
Event: 57.127 Thread 0x000002353ec1b5a0 nmethod 15530 0x0000023530f35b90 code [0x0000023530f35fa0, 0x0000023530f39f00]
Event: 57.153 Thread 0x000002353ec1b5a0 15558       4       com.google.common.cache.LocalCache::put (29 bytes)
Event: 57.157 Thread 0x000002353ec1b5a0 nmethod 15558 0x0000023530f3c010 code [0x0000023530f3c1a0, 0x0000023530f3c408]
Event: 57.264 Thread 0x000002353ec1b5a0 15559       4       java.util.concurrent.locks.AbstractQueuedSynchronizer::enqueue (60 bytes)
Event: 57.273 Thread 0x000002353ec1b5a0 nmethod 15559 0x0000023530f3c690 code [0x0000023530f3c820, 0x0000023530f3cc08]
Event: 57.394 Thread 0x000002353ec1b5a0 15560       4       sun.nio.fs.WindowsFileSystemProvider::readAttributes (63 bytes)

GC Heap History (20 events):
Event: 49.910 GC heap after
{Heap after GC invocations=46 (full 0):
 garbage-first heap   total 282624K, used 153577K [0x0000000080000000, 0x0000000100000000)
  region size 1024K, 5 young (5120K), 5 survivors (5120K)
 Metaspace       used 104942K, committed 106240K, reserved 557056K
  class space    used 14595K, committed 15168K, reserved 425984K
}
Event: 51.967 GC heap before
{Heap before GC invocations=46 (full 0):
 garbage-first heap   total 282624K, used 236521K [0x0000000080000000, 0x0000000100000000)
  region size 1024K, 83 young (84992K), 5 survivors (5120K)
 Metaspace       used 105933K, committed 107264K, reserved 557056K
  class space    used 14729K, committed 15360K, reserved 425984K
}
Event: 51.990 GC heap after
{Heap after GC invocations=47 (full 0):
 garbage-first heap   total 282624K, used 171008K [0x0000000080000000, 0x0000000100000000)
  region size 1024K, 11 young (11264K), 11 survivors (11264K)
 Metaspace       used 105933K, committed 107264K, reserved 557056K
  class space    used 14729K, committed 15360K, reserved 425984K
}
Event: 53.235 GC heap before
{Heap before GC invocations=47 (full 0):
 garbage-first heap   total 282624K, used 228352K [0x0000000080000000, 0x0000000100000000)
  region size 1024K, 68 young (69632K), 11 survivors (11264K)
 Metaspace       used 106256K, committed 107648K, reserved 557056K
  class space    used 14769K, committed 15424K, reserved 425984K
}
Event: 53.260 GC heap after
{Heap after GC invocations=48 (full 0):
 garbage-first heap   total 282624K, used 179772K [0x0000000080000000, 0x0000000100000000)
  region size 1024K, 8 young (8192K), 8 survivors (8192K)
 Metaspace       used 106256K, committed 107648K, reserved 557056K
  class space    used 14769K, committed 15424K, reserved 425984K
}
Event: 53.726 GC heap before
{Heap before GC invocations=48 (full 0):
 garbage-first heap   total 282624K, used 230972K [0x0000000080000000, 0x0000000100000000)
  region size 1024K, 59 young (60416K), 8 survivors (8192K)
 Metaspace       used 106256K, committed 107648K, reserved 557056K
  class space    used 14769K, committed 15424K, reserved 425984K
}
Event: 53.743 GC heap after
{Heap after GC invocations=49 (full 0):
 garbage-first heap   total 282624K, used 180996K [0x0000000080000000, 0x0000000100000000)
  region size 1024K, 4 young (4096K), 4 survivors (4096K)
 Metaspace       used 106256K, committed 107648K, reserved 557056K
  class space    used 14769K, committed 15424K, reserved 425984K
}
Event: 54.627 GC heap before
{Heap before GC invocations=49 (full 0):
 garbage-first heap   total 282624K, used 236292K [0x0000000080000000, 0x0000000100000000)
  region size 1024K, 56 young (57344K), 4 survivors (4096K)
 Metaspace       used 106457K, committed 107904K, reserved 557056K
  class space    used 14798K, committed 15424K, reserved 425984K
}
Event: 54.638 GC heap after
{Heap after GC invocations=50 (full 0):
 garbage-first heap   total 282624K, used 190347K [0x0000000080000000, 0x0000000100000000)
  region size 1024K, 7 young (7168K), 7 survivors (7168K)
 Metaspace       used 106457K, committed 107904K, reserved 557056K
  class space    used 14798K, committed 15424K, reserved 425984K
}
Event: 55.317 GC heap before
{Heap before GC invocations=50 (full 0):
 garbage-first heap   total 282624K, used 235403K [0x0000000080000000, 0x0000000100000000)
  region size 1024K, 52 young (53248K), 7 survivors (7168K)
 Metaspace       used 106541K, committed 108032K, reserved 557056K
  class space    used 14807K, committed 15488K, reserved 425984K
}
Event: 55.332 GC heap after
{Heap after GC invocations=51 (full 0):
 garbage-first heap   total 282624K, used 193373K [0x0000000080000000, 0x0000000100000000)
  region size 1024K, 4 young (4096K), 4 survivors (4096K)
 Metaspace       used 106541K, committed 108032K, reserved 557056K
  class space    used 14807K, committed 15488K, reserved 425984K
}
Event: 55.722 GC heap before
{Heap before GC invocations=51 (full 0):
 garbage-first heap   total 282624K, used 237405K [0x0000000080000000, 0x0000000100000000)
  region size 1024K, 48 young (49152K), 4 survivors (4096K)
 Metaspace       used 106541K, committed 108032K, reserved 557056K
  class space    used 14807K, committed 15488K, reserved 425984K
}
Event: 55.732 GC heap after
{Heap after GC invocations=52 (full 0):
 garbage-first heap   total 282624K, used 195119K [0x0000000080000000, 0x0000000100000000)
  region size 1024K, 4 young (4096K), 4 survivors (4096K)
 Metaspace       used 106541K, committed 108032K, reserved 557056K
  class space    used 14807K, committed 15488K, reserved 425984K
}
Event: 56.471 GC heap before
{Heap before GC invocations=52 (full 0):
 garbage-first heap   total 282624K, used 239151K [0x0000000080000000, 0x0000000100000000)
  region size 1024K, 47 young (48128K), 4 survivors (4096K)
 Metaspace       used 106648K, committed 108160K, reserved 557056K
  class space    used 14823K, committed 15488K, reserved 425984K
}
Event: 56.483 GC heap after
{Heap after GC invocations=53 (full 0):
 garbage-first heap   total 282624K, used 201143K [0x0000000080000000, 0x0000000100000000)
  region size 1024K, 6 young (6144K), 6 survivors (6144K)
 Metaspace       used 106648K, committed 108160K, reserved 557056K
  class space    used 14823K, committed 15488K, reserved 425984K
}
Event: 57.013 GC heap before
{Heap before GC invocations=53 (full 0):
 garbage-first heap   total 282624K, used 236983K [0x0000000080000000, 0x0000000100000000)
  region size 1024K, 42 young (43008K), 6 survivors (6144K)
 Metaspace       used 106713K, committed 108224K, reserved 557056K
  class space    used 14831K, committed 15488K, reserved 425984K
}
Event: 57.023 GC heap after
{Heap after GC invocations=54 (full 0):
 garbage-first heap   total 282624K, used 203607K [0x0000000080000000, 0x0000000100000000)
  region size 1024K, 4 young (4096K), 4 survivors (4096K)
 Metaspace       used 106713K, committed 108224K, reserved 557056K
  class space    used 14831K, committed 15488K, reserved 425984K
}
Event: 57.317 GC heap before
{Heap before GC invocations=54 (full 0):
 garbage-first heap   total 282624K, used 238423K [0x0000000080000000, 0x0000000100000000)
  region size 1024K, 39 young (39936K), 4 survivors (4096K)
 Metaspace       used 106713K, committed 108224K, reserved 557056K
  class space    used 14831K, committed 15488K, reserved 425984K
}
Event: 57.324 GC heap after
{Heap after GC invocations=55 (full 0):
 garbage-first heap   total 282624K, used 204421K [0x0000000080000000, 0x0000000100000000)
  region size 1024K, 3 young (3072K), 3 survivors (3072K)
 Metaspace       used 106713K, committed 108224K, reserved 557056K
  class space    used 14831K, committed 15488K, reserved 425984K
}
Event: 57.599 GC heap before
{Heap before GC invocations=55 (full 0):
 garbage-first heap   total 282624K, used 240261K [0x0000000080000000, 0x0000000100000000)
  region size 1024K, 39 young (39936K), 3 survivors (3072K)
 Metaspace       used 106713K, committed 108224K, reserved 557056K
  class space    used 14831K, committed 15488K, reserved 425984K
}

Deoptimization events (20 events):
Event: 54.890 Thread 0x000002355fd637b0 Uncommon trap: trap_request=0xffffffbe fr.pc=0x0000023530e8b654 relative=0x0000000000001234
Event: 54.890 Thread 0x000002355fd637b0 Uncommon trap: reason=profile_predicate action=maybe_recompile pc=0x0000023530e8b654 method=org.gradle.api.internal.attributes.DefaultImmutableAttributesFactory.concat(Lorg/gradle/api/internal/attributes/ImmutableAttributes;Lorg/gradle/api/internal/attrib
Event: 54.890 Thread 0x000002355fd637b0 DEOPT PACKING pc=0x0000023530e8b654 sp=0x000000db358f9040
Event: 54.890 Thread 0x000002355fd637b0 DEOPT UNPACKING pc=0x00000235300c23a3 sp=0x000000db358f9038 mode 2
Event: 55.440 Thread 0x00000235615519e0 Uncommon trap: trap_request=0xffffffbe fr.pc=0x0000023530a9ebd4 relative=0x0000000000001a34
Event: 55.440 Thread 0x00000235615519e0 Uncommon trap: reason=profile_predicate action=maybe_recompile pc=0x0000023530a9ebd4 method=com.google.common.collect.MapMakerInternalMap$Segment.expand()V @ 59 c2
Event: 55.440 Thread 0x00000235615519e0 DEOPT PACKING pc=0x0000023530a9ebd4 sp=0x000000db38cfcf30
Event: 55.440 Thread 0x00000235615519e0 DEOPT UNPACKING pc=0x00000235300c23a3 sp=0x000000db38cfced8 mode 2
Event: 55.476 Thread 0x00000235615519e0 Uncommon trap: trap_request=0xffffffbe fr.pc=0x0000023530a9ebd4 relative=0x0000000000001a34
Event: 55.476 Thread 0x00000235615519e0 Uncommon trap: reason=profile_predicate action=maybe_recompile pc=0x0000023530a9ebd4 method=com.google.common.collect.MapMakerInternalMap$Segment.expand()V @ 59 c2
Event: 55.476 Thread 0x00000235615519e0 DEOPT PACKING pc=0x0000023530a9ebd4 sp=0x000000db38cfcfe0
Event: 55.476 Thread 0x00000235615519e0 DEOPT UNPACKING pc=0x00000235300c23a3 sp=0x000000db38cfcf88 mode 2
Event: 56.717 Thread 0x00000235613998f0 Uncommon trap: trap_request=0xffffff45 fr.pc=0x0000023530bbc0b4 relative=0x0000000000002054
Event: 56.717 Thread 0x00000235613998f0 Uncommon trap: reason=unstable_if action=reinterpret pc=0x0000023530bbc0b4 method=java.util.concurrent.locks.AbstractQueuedSynchronizer.acquire(Ljava/util/concurrent/locks/AbstractQueuedSynchronizer$Node;IZZZJ)I @ 298 c2
Event: 56.717 Thread 0x00000235613998f0 DEOPT PACKING pc=0x0000023530bbc0b4 sp=0x000000db392fdd60
Event: 56.717 Thread 0x00000235613998f0 DEOPT UNPACKING pc=0x00000235300c23a3 sp=0x000000db392fdd10 mode 2
Event: 56.898 Thread 0x00000235613989c0 Uncommon trap: trap_request=0xffffff45 fr.pc=0x00000235306629a4 relative=0x00000000000006e4
Event: 56.898 Thread 0x00000235613989c0 Uncommon trap: reason=unstable_if action=reinterpret pc=0x00000235306629a4 method=java.util.concurrent.ArrayBlockingQueue.enqueue(Ljava/lang/Object;)V @ 25 c2
Event: 56.898 Thread 0x00000235613989c0 DEOPT PACKING pc=0x00000235306629a4 sp=0x000000db393fd950
Event: 56.898 Thread 0x00000235613989c0 DEOPT UNPACKING pc=0x00000235300c23a3 sp=0x000000db393fd920 mode 2

Classes unloaded (0 events):
No events

Classes redefined (0 events):
No events

Internal exceptions (20 events):
Event: 54.498 Thread 0x000002355fd637b0 Exception <a 'java/lang/ClassNotFoundException'{0x000000008e43b1c0}: org/gradle/api/internal/artifacts/repositories/DefaultMavenRepositoryContentDescriptorBeanInfo> (0x000000008e43b1c0) 
thrown [s\open\src\hotspot\share\classfile\systemDictionary.cpp, line 256]
Event: 54.501 Thread 0x000002355fd637b0 Exception <a 'java/lang/ClassNotFoundException'{0x000000008e45bbc8}: org/gradle/api/internal/artifacts/repositories/DefaultRepositoryContentDescriptorBeanInfo> (0x000000008e45bbc8) 
thrown [s\open\src\hotspot\share\classfile\systemDictionary.cpp, line 256]
Event: 54.503 Thread 0x000002355fd637b0 Exception <a 'java/lang/ClassNotFoundException'{0x000000008e47c830}: org/gradle/api/internal/artifacts/repositories/DefaultRepositoryContentDescriptorCustomizer> (0x000000008e47c830) 
thrown [s\open\src\hotspot\share\classfile\systemDictionary.cpp, line 256]
Event: 54.507 Thread 0x000002355fd637b0 Exception <a 'java/lang/ClassNotFoundException'{0x000000008e4b2d88}: org/gradle/api/internal/artifacts/repositories/DefaultMavenRepositoryContentDescriptorCustomizer> (0x000000008e4b2d88) 
thrown [s\open\src\hotspot\share\classfile\systemDictionary.cpp, line 256]
Event: 54.562 Thread 0x000002355fd637b0 Exception <a 'java/lang/ClassNotFoundException'{0x000000008e2e2ff8}: build_4ikpa7lm61tprc727umcn9z8m$_run_closure2BeanInfo> (0x000000008e2e2ff8) 
thrown [s\open\src\hotspot\share\classfile\systemDictionary.cpp, line 256]
Event: 54.563 Thread 0x000002355fd637b0 Exception <a 'java/lang/ClassNotFoundException'{0x000000008e2f08c8}: build_4ikpa7lm61tprc727umcn9z8m$_run_closure2Customizer> (0x000000008e2f08c8) 
thrown [s\open\src\hotspot\share\classfile\systemDictionary.cpp, line 256]
Event: 54.703 Thread 0x000002355fd637b0 Exception <a 'java/lang/ClassNotFoundException'{0x0000000091112e68}: build_c07l0guoigpbyhkl31p01g96vBeanInfo> (0x0000000091112e68) 
thrown [s\open\src\hotspot\share\classfile\systemDictionary.cpp, line 256]
Event: 54.703 Thread 0x000002355fd637b0 Exception <a 'java/lang/ClassNotFoundException'{0x000000009111a000}: build_c07l0guoigpbyhkl31p01g96vCustomizer> (0x000000009111a000) 
thrown [s\open\src\hotspot\share\classfile\systemDictionary.cpp, line 256]
Event: 56.130 Thread 0x000002355fd637b0 Exception <a 'java/lang/ClassNotFoundException'{0x000000008f5f8e80}: build_c07l0guoigpbyhkl31p01g96vBeanInfo> (0x000000008f5f8e80) 
thrown [s\open\src\hotspot\share\classfile\systemDictionary.cpp, line 256]
Event: 56.131 Thread 0x000002355fd637b0 Exception <a 'java/lang/ClassNotFoundException'{0x000000008f4001f8}: build_c07l0guoigpbyhkl31p01g96vCustomizer> (0x000000008f4001f8) 
thrown [s\open\src\hotspot\share\classfile\systemDictionary.cpp, line 256]
Event: 56.341 Thread 0x000002355fd637b0 Exception <a 'java/lang/ClassNotFoundException'{0x000000008ee5b828}: build_c07l0guoigpbyhkl31p01g96v$_run_closure1BeanInfo> (0x000000008ee5b828) 
thrown [s\open\src\hotspot\share\classfile\systemDictionary.cpp, line 256]
Event: 56.342 Thread 0x000002355fd637b0 Exception <a 'java/lang/ClassNotFoundException'{0x000000008ee68c10}: build_c07l0guoigpbyhkl31p01g96v$_run_closure1Customizer> (0x000000008ee68c10) 
thrown [s\open\src\hotspot\share\classfile\systemDictionary.cpp, line 256]
Event: 56.361 Thread 0x000002355fd637b0 Exception <a 'java/lang/ClassNotFoundException'{0x000000008ed958c8}: com/android/build/gradle/internal/dsl/VectorDrawablesOptions_DecoratedBeanInfo> (0x000000008ed958c8) 
thrown [s\open\src\hotspot\share\classfile\systemDictionary.cpp, line 256]
Event: 56.363 Thread 0x000002355fd637b0 Exception <a 'java/lang/ClassNotFoundException'{0x000000008eda7a78}: com/android/build/gradle/internal/dsl/VectorDrawablesOptionsBeanInfo> (0x000000008eda7a78) 
thrown [s\open\src\hotspot\share\classfile\systemDictionary.cpp, line 256]
Event: 56.364 Thread 0x000002355fd637b0 Exception <a 'java/lang/ClassNotFoundException'{0x000000008edb95f8}: com/android/builder/core/DefaultVectorDrawablesOptionsBeanInfo> (0x000000008edb95f8) 
thrown [s\open\src\hotspot\share\classfile\systemDictionary.cpp, line 256]
Event: 56.365 Thread 0x000002355fd637b0 Exception <a 'java/lang/ClassNotFoundException'{0x000000008edcb230}: com/android/builder/core/DefaultVectorDrawablesOptionsCustomizer> (0x000000008edcb230) 
thrown [s\open\src\hotspot\share\classfile\systemDictionary.cpp, line 256]
Event: 56.367 Thread 0x000002355fd637b0 Exception <a 'java/lang/ClassNotFoundException'{0x000000008ede39d0}: com/android/build/gradle/internal/dsl/VectorDrawablesOptionsCustomizer> (0x000000008ede39d0) 
thrown [s\open\src\hotspot\share\classfile\systemDictionary.cpp, line 256]
Event: 56.370 Thread 0x000002355fd637b0 Exception <a 'java/lang/ClassNotFoundException'{0x000000008edf9a60}: com/android/build/gradle/internal/dsl/VectorDrawablesOptions_DecoratedCustomizer> (0x000000008edf9a60) 
thrown [s\open\src\hotspot\share\classfile\systemDictionary.cpp, line 256]
Event: 56.494 Thread 0x000002355fd637b0 Exception <a 'java/lang/ClassNotFoundException'{0x000000009136ed18}: build_7ku2plapb9i5s8skgwzjgb6j1BeanInfo> (0x000000009136ed18) 
thrown [s\open\src\hotspot\share\classfile\systemDictionary.cpp, line 256]
Event: 56.495 Thread 0x000002355fd637b0 Exception <a 'java/lang/ClassNotFoundException'{0x0000000091375eb0}: build_7ku2plapb9i5s8skgwzjgb6j1Customizer> (0x0000000091375eb0) 
thrown [s\open\src\hotspot\share\classfile\systemDictionary.cpp, line 256]

VM Operations (20 events):
Event: 53.260 Executing VM operation: G1CollectForAllocation done
Event: 53.726 Executing VM operation: G1CollectForAllocation
Event: 53.743 Executing VM operation: G1CollectForAllocation done
Event: 54.626 Executing VM operation: G1CollectForAllocation
Event: 54.638 Executing VM operation: G1CollectForAllocation done
Event: 55.317 Executing VM operation: G1CollectForAllocation
Event: 55.332 Executing VM operation: G1CollectForAllocation done
Event: 55.722 Executing VM operation: G1CollectForAllocation
Event: 55.732 Executing VM operation: G1CollectForAllocation done
Event: 56.359 Executing VM operation: HandshakeAllThreads
Event: 56.359 Executing VM operation: HandshakeAllThreads done
Event: 56.452 Executing VM operation: ICBufferFull
Event: 56.453 Executing VM operation: ICBufferFull done
Event: 56.471 Executing VM operation: G1CollectForAllocation
Event: 56.483 Executing VM operation: G1CollectForAllocation done
Event: 57.012 Executing VM operation: G1CollectForAllocation
Event: 57.024 Executing VM operation: G1CollectForAllocation done
Event: 57.317 Executing VM operation: G1CollectForAllocation
Event: 57.324 Executing VM operation: G1CollectForAllocation done
Event: 57.599 Executing VM operation: G1CollectForAllocation

Events (20 events):
Event: 50.664 loading class java/util/AbstractSetCustomizer
Event: 50.664 loading class java/util/AbstractSetCustomizer done
Event: 50.664 loading class java/util/TreeSetCustomizer
Event: 50.664 loading class java/util/TreeSetCustomizer done
Event: 50.665 loading class java/util/TreeSetCustomizer
Event: 50.665 loading class java/util/TreeSetCustomizer done
Event: 54.430 Thread 0x000002356021a5b0 Thread exited: 0x000002356021a5b0
Event: 54.588 Thread 0x000002356021eac0 Thread added: 0x000002356021eac0
Event: 56.000 loading class jdk/internal/misc/ScopedMemoryAccess$Scope$Handle
Event: 56.000 loading class jdk/internal/misc/ScopedMemoryAccess$Scope$Handle done
Event: 56.345 loading class jdk/internal/reflect/UnsafeStaticBooleanFieldAccessorImpl
Event: 56.346 loading class jdk/internal/reflect/UnsafeStaticBooleanFieldAccessorImpl done
Event: 56.363 Thread 0x000002353ec6e900 flushing nmethod 0x0000023530c63910
Event: 56.363 Thread 0x000002353ec6e900 flushing nmethod 0x0000023530cd0890
Event: 56.364 Thread 0x000002353ec6e900 flushing nmethod 0x0000023530cfeb10
Event: 56.366 Thread 0x000002353ec6e900 flushing nmethod 0x0000023528c3ec10
Event: 56.381 Thread 0x000002353ec6e900 flushing nmethod 0x0000023529b6c210
Event: 56.381 Thread 0x000002353ec6e900 flushing nmethod 0x0000023529b6c590
Event: 56.384 Thread 0x000002353ec6e900 flushing nmethod 0x0000023529ee4e90
Event: 57.118 Thread 0x000002356021eac0 Thread exited: 0x000002356021eac0


Dynamic libraries:
0x00007ff797980000 - 0x00007ff797990000 	C:\Program Files\Java\jdk-17\bin\java.exe
0x00007fffcda70000 - 0x00007fffcdc68000 	C:\Windows\SYSTEM32\ntdll.dll
0x00007fffccc00000 - 0x00007fffcccc2000 	C:\Windows\System32\KERNEL32.DLL
0x00007fffcb1d0000 - 0x00007fffcb4c6000 	C:\Windows\System32\KERNELBASE.dll
0x00007fffcb990000 - 0x00007fffcba90000 	C:\Windows\System32\ucrtbase.dll
0x00007fffaf820000 - 0x00007fffaf83b000 	C:\Program Files\Java\jdk-17\bin\VCRUNTIME140.dll
0x00007fffb11e0000 - 0x00007fffb11f9000 	C:\Program Files\Java\jdk-17\bin\jli.dll
0x00007fffcbcd0000 - 0x00007fffcbd7f000 	C:\Windows\System32\ADVAPI32.dll
0x00007fffcc3d0000 - 0x00007fffcc46e000 	C:\Windows\System32\msvcrt.dll
0x00007fffcd990000 - 0x00007fffcda2f000 	C:\Windows\System32\sechost.dll
0x00007fffcbd80000 - 0x00007fffcbea3000 	C:\Windows\System32\RPCRT4.dll
0x00007fffcb760000 - 0x00007fffcb787000 	C:\Windows\System32\bcrypt.dll
0x00007fffcd5a0000 - 0x00007fffcd73d000 	C:\Windows\System32\USER32.dll
0x00007fffcb610000 - 0x00007fffcb632000 	C:\Windows\System32\win32u.dll
0x00007fffccf60000 - 0x00007fffccf8b000 	C:\Windows\System32\GDI32.dll
0x00007fffcb640000 - 0x00007fffcb75a000 	C:\Windows\System32\gdi32full.dll
0x00007fffcb790000 - 0x00007fffcb82d000 	C:\Windows\System32\msvcp_win.dll
0x00007fffbe040000 - 0x00007fffbe2da000 	C:\Windows\WinSxS\amd64_microsoft.windows.common-controls_6595b64144ccf1df_6.0.19041.4355_none_60b8b9eb71f62e16\COMCTL32.dll
0x00007fffc8e20000 - 0x00007fffc8e2a000 	C:\Windows\SYSTEM32\VERSION.dll
0x00007fffccd70000 - 0x00007fffccd9f000 	C:\Windows\System32\IMM32.DLL
0x00007fffbf9a0000 - 0x00007fffbf9ac000 	C:\Program Files\Java\jdk-17\bin\vcruntime140_1.dll
0x00007fffa1b80000 - 0x00007fffa1c0e000 	C:\Program Files\Java\jdk-17\bin\msvcp140.dll
0x00007fff8bb40000 - 0x00007fff8c721000 	C:\Program Files\Java\jdk-17\bin\server\jvm.dll
0x00007fffcc060000 - 0x00007fffcc068000 	C:\Windows\System32\PSAPI.DLL
0x00007fffbd330000 - 0x00007fffbd339000 	C:\Windows\SYSTEM32\WSOCK32.dll
0x00007fffcd530000 - 0x00007fffcd59b000 	C:\Windows\System32\WS2_32.dll
0x00007fffc0510000 - 0x00007fffc0537000 	C:\Windows\SYSTEM32\WINMM.dll
0x00007fffc9890000 - 0x00007fffc98a2000 	C:\Windows\SYSTEM32\kernel.appcore.dll
0x00007fffbc7a0000 - 0x00007fffbc7aa000 	C:\Program Files\Java\jdk-17\bin\jimage.dll
0x00007fffbb3d0000 - 0x00007fffbb5b4000 	C:\Windows\SYSTEM32\DBGHELP.DLL
0x00007fffb6de0000 - 0x00007fffb6e14000 	C:\Windows\SYSTEM32\dbgcore.DLL
0x00007fffcb580000 - 0x00007fffcb602000 	C:\Windows\System32\bcryptPrimitives.dll
0x00007fffb8c70000 - 0x00007fffb8c7e000 	C:\Program Files\Java\jdk-17\bin\instrument.dll
0x00007fffa5c70000 - 0x00007fffa5c95000 	C:\Program Files\Java\jdk-17\bin\java.dll
0x00007fff9c480000 - 0x00007fff9c557000 	C:\Program Files\Java\jdk-17\bin\jsvml.dll
0x00007fffcc490000 - 0x00007fffccbff000 	C:\Windows\System32\SHELL32.dll
0x00007fffc8fc0000 - 0x00007fffc9763000 	C:\Windows\SYSTEM32\windows.storage.dll
0x00007fffcc070000 - 0x00007fffcc3c5000 	C:\Windows\System32\combase.dll
0x00007fffcab30000 - 0x00007fffcab5b000 	C:\Windows\SYSTEM32\Wldp.dll
0x00007fffccda0000 - 0x00007fffcce6d000 	C:\Windows\System32\OLEAUT32.dll
0x00007fffcbc20000 - 0x00007fffcbccd000 	C:\Windows\System32\SHCORE.dll
0x00007fffcd800000 - 0x00007fffcd855000 	C:\Windows\System32\shlwapi.dll
0x00007fffcb030000 - 0x00007fffcb055000 	C:\Windows\SYSTEM32\profapi.dll
0x00007fffa5c50000 - 0x00007fffa5c68000 	C:\Program Files\Java\jdk-17\bin\zip.dll
0x00007fffa61b0000 - 0x00007fffa61c9000 	C:\Program Files\Java\jdk-17\bin\net.dll
0x00007fffc4a40000 - 0x00007fffc4b4a000 	C:\Windows\SYSTEM32\WINHTTP.dll
0x00007fffca890000 - 0x00007fffca8fc000 	C:\Windows\system32\mswsock.dll
0x00007fffa6060000 - 0x00007fffa6076000 	C:\Program Files\Java\jdk-17\bin\nio.dll
0x00007fffb8e60000 - 0x00007fffb8e70000 	C:\Program Files\Java\jdk-17\bin\verify.dll
0x00007fffb6e50000 - 0x00007fffb6e77000 	C:\Users\HP\.gradle\native\c067742578af261105cb4f569cf0c3c89f3d7b1fecec35dd04571415982c5e48\windows-amd64\native-platform.dll
0x00007fff9ff30000 - 0x00007fffa0074000 	C:\Users\HP\.gradle\native\100fb08df4bc3b14c8652ba06237920a3bd2aa13389f12d3474272988ae205f9\windows-amd64\native-platform-file-events.dll
0x00007fffbc500000 - 0x00007fffbc50a000 	C:\Program Files\Java\jdk-17\bin\management.dll
0x00007fffba9a0000 - 0x00007fffba9ab000 	C:\Program Files\Java\jdk-17\bin\management_ext.dll
0x00007fffcaa90000 - 0x00007fffcaaa8000 	C:\Windows\SYSTEM32\CRYPTSP.dll
0x00007fffca140000 - 0x00007fffca178000 	C:\Windows\system32\rsaenh.dll
0x00007fffcafb0000 - 0x00007fffcafde000 	C:\Windows\SYSTEM32\USERENV.dll
0x00007fffcaa80000 - 0x00007fffcaa8c000 	C:\Windows\SYSTEM32\CRYPTBASE.dll
0x00007fffca520000 - 0x00007fffca55b000 	C:\Windows\SYSTEM32\IPHLPAPI.DLL
0x00007fffccd60000 - 0x00007fffccd68000 	C:\Windows\System32\NSI.dll
0x00007fffc8a60000 - 0x00007fffc8a77000 	C:\Windows\SYSTEM32\dhcpcsvc6.DLL
0x00007fffc54d0000 - 0x00007fffc54ed000 	C:\Windows\SYSTEM32\dhcpcsvc.DLL
0x00007fffca570000 - 0x00007fffca63a000 	C:\Windows\SYSTEM32\DNSAPI.dll
0x00007fffba230000 - 0x00007fffba23e000 	C:\Program Files\Java\jdk-17\bin\sunmscapi.dll
0x00007fffcb830000 - 0x00007fffcb98d000 	C:\Windows\System32\CRYPT32.dll
0x00007fffcaba0000 - 0x00007fffcabc7000 	C:\Windows\SYSTEM32\ncrypt.dll
0x00007fffcab60000 - 0x00007fffcab9b000 	C:\Windows\SYSTEM32\NTASN1.dll
0x00007fffa5f20000 - 0x00007fffa5f27000 	C:\Windows\system32\wshunix.dll
0x00007fff75fb0000 - 0x00007fff75fc7000 	C:\Windows\system32\napinsp.dll
0x00007fff75fd0000 - 0x00007fff75feb000 	C:\Windows\system32\pnrpnsp.dll
0x00007fffb7f80000 - 0x00007fffb7f95000 	C:\Windows\system32\wshbth.dll
0x00007fffc5c20000 - 0x00007fffc5c3d000 	C:\Windows\system32\NLAapi.dll
0x00007fff75ff0000 - 0x00007fff76002000 	C:\Windows\System32\winrnr.dll
0x00007fffbe3f0000 - 0x00007fffbe3fa000 	C:\Windows\System32\rasadhlp.dll
0x00007fffbf230000 - 0x00007fffbf2b0000 	C:\Windows\System32\fwpuclnt.dll

dbghelp: loaded successfully - version: 4.0.5 - missing functions: none
symbol engine: initialized successfully - sym options: 0x614 - pdb path: .;C:\Program Files\Java\jdk-17\bin;C:\Windows\SYSTEM32;C:\Windows\WinSxS\amd64_microsoft.windows.common-controls_6595b64144ccf1df_6.0.19041.4355_none_60b8b9eb71f62e16;C:\Program Files\Java\jdk-17\bin\server;C:\Users\HP\.gradle\native\c067742578af261105cb4f569cf0c3c89f3d7b1fecec35dd04571415982c5e48\windows-amd64;C:\Users\HP\.gradle\native\100fb08df4bc3b14c8652ba06237920a3bd2aa13389f12d3474272988ae205f9\windows-amd64

VM Arguments:
jvm_args: -XX:MaxMetaspaceSize=512m --add-opens=java.base/java.util=ALL-UNNAMED --add-opens=java.base/java.lang=ALL-UNNAMED --add-opens=java.base/java.lang.invoke=ALL-UNNAMED --add-opens=java.prefs/java.util.prefs=ALL-UNNAMED --add-exports=jdk.compiler/com.sun.tools.javac.api=ALL-UNNAMED --add-exports=jdk.compiler/com.sun.tools.javac.util=ALL-UNNAMED --add-opens=java.base/java.nio.charset=ALL-UNNAMED --add-opens=java.base/java.net=ALL-UNNAMED --add-opens=java.base/java.util.concurrent.atomic=ALL-UNNAMED -Xmx2048m -Dfile.encoding=windows-1252 -Duser.country=IN -Duser.language=en -Duser.variant -javaagent:C:\Users\HP\.gradle\wrapper\dists\gradle-8.10.2-all\7iv73wktx1xtkvlq19urqw1wm\gradle-8.10.2\lib\agents\gradle-instrumentation-agent-8.10.2.jar 
java_command: org.gradle.launcher.daemon.bootstrap.GradleDaemon 8.10.2
java_class_path (initial): C:\Users\HP\.gradle\wrapper\dists\gradle-8.10.2-all\7iv73wktx1xtkvlq19urqw1wm\gradle-8.10.2\lib\gradle-daemon-main-8.10.2.jar
Launcher Type: SUN_STANDARD

[Global flags]
     intx CICompilerCount                          = 3                                         {product} {ergonomic}
   size_t CompressedClassSpaceSize                 = 436207616                                 {product} {ergonomic}
     uint ConcGCThreads                            = 1                                         {product} {ergonomic}
     uint G1ConcRefinementThreads                  = 4                                         {product} {ergonomic}
   size_t G1HeapRegionSize                         = 1048576                                   {product} {ergonomic}
    uintx GCDrainStackTargetSize                   = 64                                        {product} {ergonomic}
   size_t InitialHeapSize                          = 134217728                                 {product} {ergonomic}
   size_t MarkStackSize                            = 4194304                                   {product} {ergonomic}
   size_t MaxHeapSize                              = 2147483648                                {product} {command line}
   size_t MaxMetaspaceSize                         = 536870912                                 {product} {command line}
   size_t MaxNewSize                               = 1287651328                                {product} {ergonomic}
   size_t MinHeapDeltaBytes                        = 1048576                                   {product} {ergonomic}
   size_t MinHeapSize                              = 8388608                                   {product} {ergonomic}
    uintx NonNMethodCodeHeapSize                   = 5832780                                {pd product} {ergonomic}
    uintx NonProfiledCodeHeapSize                  = 122912730                              {pd product} {ergonomic}
    uintx ProfiledCodeHeapSize                     = 122912730                              {pd product} {ergonomic}
    uintx ReservedCodeCacheSize                    = 251658240                              {pd product} {ergonomic}
     bool SegmentedCodeCache                       = true                                      {product} {ergonomic}
   size_t SoftMaxHeapSize                          = 2147483648                             {manageable} {ergonomic}
     bool UseCompressedClassPointers               = true                           {product lp64_product} {ergonomic}
     bool UseCompressedOops                        = true                           {product lp64_product} {ergonomic}
     bool UseG1GC                                  = true                                      {product} {ergonomic}
     bool UseLargePagesIndividualAllocation        = false                                  {pd product} {ergonomic}

Logging:
Log output configuration:
 #0: stdout all=warning uptime,level,tags
 #1: stderr all=off uptime,level,tags

Environment Variables:
JAVA_HOME=C:\Program Files\Java\jdk-17
CLASSPATH=C:\Users\HP\Learning_Xorxos\android\\gradle\wrapper\gradle-wrapper.jar
PATH=C:\Users\HP\Learning_Xorxos\node_modules\.bin;C:\Users\HP\Learning_Xorxos\node_modules\.bin;C:\Users\HP\node_modules\.bin;C:\Users\node_modules\.bin;C:\node_modules\.bin;C:\Users\HP\nodejs\node_modules\npm\node_modules\@npmcli\run-script\lib\node-gyp-bin;C:\ProgramData\chocolatey;C:\Program Files\Java\jdk-17\bin;D:\native\Android\Sdk\platform-tools;C:\Program Files\Java\jdk-17;C:\Windows\System32;D:\native\Android\Sdk;%GRADLE_HOME%\bin;C:\Windows\System32\wbem;D:\native\Git\cmd;C:\Users\HP\npm-global;D:\native\Android\Sdk\cmake;C:\Program Files\MongoDB\Server\8.0\bin;C:\Program Files\MongoDB\mongosh-2.3.8-win32-x64\bin;C:\Users\HP\nodejs;C:\Users\HP\AppData\Local\Programs\Python\Python313;C:\Users\HP\AppData\Local\Programs\Python\Python313\Scripts;C:\Users\HP\AppData\Local\Programs\Python\Python313\Scripts\jupyter.exe notebook;C:\ProgramData\chocolatey;C:\Program Files\Java\jdk-17\bin;D:\native\Android\Sdk\platform-tools;C:\Program Files\Java\jdk-17;C:\Windows\System32;D:\native\Android\Sdk;C:\Users\HP\AppData\Local\Programs\Microsoft VS Code\bin;C:\Windows\System32\wbem;D:\native\Git;%GRADLE_HOME%\bin;D:\native\Android\Sdk\cmake\;D:\native\Android\Sdk\ndk\;C:\Users\HP\AppData\Roaming\npm;C:\Program Files\MongoDB\Server\8.0\bin;C:\Program Files\MongoDB\mongosh-2.3.8-win32-x64\bin;C:\Users\HP\AppData\Local\Programs\Python\Python313;C:\Users\HP\AppData\Local\Programs\Python\Python313\Scripts;C:\Users\HP\AppData\Local\Programs\Python\Python313\Scripts\jupyter.exe notebook;;c:\Users\HP\.vscode\extensions\ms-python.debugpy-2025.4.1-win32-x64\bundled\scripts\noConfigScripts
USERNAME=HP
LANG=en_US.UTF-8
OS=Windows_NT
PROCESSOR_IDENTIFIER=Intel64 Family 6 Model 61 Stepping 4, GenuineIntel



---------------  S Y S T E M  ---------------

OS:
 Windows 10 , 64 bit Build 19041 (10.0.19041.5678)
OS uptime: 15 days 7:47 hours

CPU: total 4 (initial active 4) (2 cores per cpu, 2 threads per core) family 6 model 61 stepping 4 microcode 0x2f, cx8, cmov, fxsr, ht, mmx, 3dnowpref, sse, sse2, sse3, ssse3, sse4.1, sse4.2, popcnt, lzcnt, tsc, tscinvbit, avx, avx2, aes, erms, clmul, bmi1, bmi2, rtm, adx, fma, vzeroupper, clflush

Memory: 4k page, system-wide physical 8067M (1052M free)
TotalPageFile size 14009M (AvailPageFile size 36M)
current process WorkingSet (physical memory assigned to process): 574M, peak: 580M
current process commit charge ("private bytes"): 620M, peak: 676M

vm_info: Java HotSpot(TM) 64-Bit Server VM (17.0.9+11-LTS-201) for windows-amd64 JRE (17.0.9+11-LTS-201), built on Oct 10 2023 23:16:06 by "mach5one" with MS VC++ 17.1 (VS2022)

END.
