#
# There is insufficient memory for the Java Runtime Environment to continue.
# Native memory allocation (malloc) failed to allocate 32784 bytes for Chunk::new
# Possible reasons:
#   The system is out of physical RAM or swap space
#   The process is running with CompressedOops enabled, and the Java Heap may be blocking the growth of the native heap
# Possible solutions:
#   Reduce memory load on the system
#   Increase physical memory or swap space
#   Check if swap backing store is full
#   Decrease Java heap size (-Xmx/-Xms)
#   Decrease number of Java threads
#   Decrease Java thread stack sizes (-Xss)
#   Set larger code cache with -XX:ReservedCodeCacheSize=
#   JVM is running with Unscaled Compressed Oops mode in which the Java heap is
#     placed in the first 4GB address space. The Java Heap base address is the
#     maximum limit for the native heap growth. Please use -XX:HeapBaseMinAddress
#     to set the Java Heap base and to place the Java Heap above 4GB virtual address.
# This output file may be truncated or incomplete.
#
#  Out of Memory Error (arena.cpp:189), pid=11640, tid=1100
#
# JRE version: Java(TM) SE Runtime Environment (17.0.9+11) (build 17.0.9+11-LTS-201)
# Java VM: Java HotSpot(TM) 64-Bit Server VM (17.0.9+11-LTS-201, mixed mode, sharing, tiered, compressed oops, compressed class ptrs, g1 gc, windows-amd64)
# No core dump will be written. Minidumps are not enabled by default on client versions of Windows
#

---------------  S U M M A R Y ------------

Command Line: -Xmx64m -Xms64m -Dorg.gradle.appname=gradlew org.gradle.wrapper.GradleWrapperMain app:installDebug -PreactNativeDevServerPort=8081

Host: Intel(R) Core(TM) i5-5300U CPU @ 2.30GHz, 4 cores, 7G,  Windows 10 , 64 bit Build 19041 (10.0.19041.5678)
Time: Fri May 23 23:15:31 2025 India Standard Time elapsed time: 70.900930 seconds (0d 0h 1m 10s)

---------------  T H R E A D  ---------------

Current thread (0x00000224a529f320):  JavaThread "C2 CompilerThread0" daemon [_thread_in_native, id=1100, stack(0x000000f14a900000,0x000000f14aa00000)]


Current CompileTask:
C2:  70901 1819 % !   4       java.io.BufferedReader::readLine @ 139 (327 bytes)

Stack: [0x000000f14a900000,0x000000f14aa00000]
Native frames: (J=compiled Java code, j=interpreted, Vv=VM code, C=native code)
V  [jvm.dll+0x678a4a]
V  [jvm.dll+0x7d9cfd]
V  [jvm.dll+0x7db60e]
V  [jvm.dll+0x7dbc73]
V  [jvm.dll+0x245e1f]
V  [jvm.dll+0xaaafb]
V  [jvm.dll+0xab09c]
V  [jvm.dll+0x69ddff]
V  [jvm.dll+0x69e243]
V  [jvm.dll+0x58ef02]
V  [jvm.dll+0x58e54c]
V  [jvm.dll+0x57531b]
V  [jvm.dll+0x57a4f5]
V  [jvm.dll+0x57a069]
V  [jvm.dll+0x579f50]
V  [jvm.dll+0x581b6a]
V  [jvm.dll+0x220c52]
V  [jvm.dll+0x219c3f]
V  [jvm.dll+0x217459]
V  [jvm.dll+0x1a3bc0]
V  [jvm.dll+0x2272de]
V  [jvm.dll+0x22548b]
V  [jvm.dll+0x78f58c]
V  [jvm.dll+0x78998a]
V  [jvm.dll+0x677875]
C  [ucrtbase.dll+0x21bb2]
C  [KERNEL32.DLL+0x17374]
C  [ntdll.dll+0x4cc91]


---------------  P R O C E S S  ---------------

Threads class SMR info:
_java_thread_list=0x00000224eb991720, length=13, elements={
0x000002248c3b83b0, 0x000002248c48cfc0, 0x000002248c48e5e0, 0x00000224a5292e60,
0x00000224a5292440, 0x00000224a5292950, 0x00000224a5291f30, 0x00000224a529f320,
0x00000224a52a77c0, 0x00000224a5293370, 0x00000224a5293880, 0x00000224a5293d90,
0x00000224a52942a0
}

Java Threads: ( => current thread )
  0x000002248c3b83b0 JavaThread "main" [_thread_in_vm, id=16280, stack(0x000000f149b00000,0x000000f149c00000)]
  0x000002248c48cfc0 JavaThread "Reference Handler" daemon [_thread_blocked, id=6040, stack(0x000000f14a200000,0x000000f14a300000)]
  0x000002248c48e5e0 JavaThread "Finalizer" daemon [_thread_blocked, id=10852, stack(0x000000f14a300000,0x000000f14a400000)]
  0x00000224a5292e60 JavaThread "Signal Dispatcher" daemon [_thread_blocked, id=16712, stack(0x000000f14a500000,0x000000f14a600000)]
  0x00000224a5292440 JavaThread "Attach Listener" daemon [_thread_blocked, id=13964, stack(0x000000f14a600000,0x000000f14a700000)]
  0x00000224a5292950 JavaThread "Service Thread" daemon [_thread_blocked, id=15312, stack(0x000000f14a700000,0x000000f14a800000)]
  0x00000224a5291f30 JavaThread "Monitor Deflation Thread" daemon [_thread_blocked, id=8296, stack(0x000000f14a800000,0x000000f14a900000)]
=>0x00000224a529f320 JavaThread "C2 CompilerThread0" daemon [_thread_in_native, id=1100, stack(0x000000f14a900000,0x000000f14aa00000)]
  0x00000224a52a77c0 JavaThread "C1 CompilerThread0" daemon [_thread_in_native, id=6760, stack(0x000000f14aa00000,0x000000f14ab00000)]
  0x00000224a5293370 JavaThread "Sweeper thread" daemon [_thread_blocked, id=9180, stack(0x000000f14ab00000,0x000000f14ac00000)]
  0x00000224a5293880 JavaThread "Notification Thread" daemon [_thread_blocked, id=11584, stack(0x000000f14ac00000,0x000000f14ad00000)]
  0x00000224a5293d90 JavaThread "Common-Cleaner" daemon [_thread_blocked, id=13740, stack(0x000000f14ae00000,0x000000f14af00000)]
  0x00000224a52942a0 JavaThread "pool-1-thread-1" [_thread_blocked, id=2288, stack(0x000000f14b400000,0x000000f14b500000)]

Other Threads:
  0x000002248c486350 VMThread "VM Thread" [stack: 0x000000f14a100000,0x000000f14a200000] [id=11520]
  0x000002248c3e1410 WatcherThread [stack: 0x000000f14ad00000,0x000000f14ae00000] [id=4496]
  0x000002248c3d9250 GCTaskThread "GC Thread#0" [stack: 0x000000f149c00000,0x000000f149d00000] [id=12324]
  0x00000224a5694f00 GCTaskThread "GC Thread#1" [stack: 0x000000f14b000000,0x000000f14b100000] [id=14308]
  0x00000224eb034eb0 GCTaskThread "GC Thread#2" [stack: 0x000000f14b100000,0x000000f14b200000] [id=9900]
  0x00000224eb035170 GCTaskThread "GC Thread#3" [stack: 0x000000f14b200000,0x000000f14b300000] [id=2580]
  0x000002248c3da9a0 ConcurrentGCThread "G1 Main Marker" [stack: 0x000000f149d00000,0x000000f149e00000] [id=7428]
  0x000002248c3db3b0 ConcurrentGCThread "G1 Conc#0" [stack: 0x000000f149e00000,0x000000f149f00000] [id=12848]
  0x000002248c42a290 ConcurrentGCThread "G1 Refine#0" [stack: 0x000000f149f00000,0x000000f14a000000] [id=16436]
  0x00000224ebea5420 ConcurrentGCThread "G1 Refine#1" [stack: 0x000000f14b300000,0x000000f14b400000] [id=8200]
  0x000002248c42acc0 ConcurrentGCThread "G1 Service" [stack: 0x000000f14a000000,0x000000f14a100000] [id=9560]

Threads with active compile tasks:
C2 CompilerThread0    70947 1819 % !   4       java.io.BufferedReader::readLine @ 139 (327 bytes)
C1 CompilerThread0    70947 1829       3       sun.invoke.util.VerifyType::isNullConversion (157 bytes)

VM state: not at safepoint (normal execution)

VM Mutex/Monitor currently owned by a thread: None

Heap address: 0x00000000fc000000, size: 64 MB, Compressed Oops mode: 32-bit

CDS archive(s) mapped at: [0x00000224a6000000-0x00000224a6bd0000-0x00000224a6bd0000), size 12386304, SharedBaseAddress: 0x00000224a6000000, ArchiveRelocationMode: 1.
Compressed class space mapped at: 0x00000224a7000000-0x00000224e7000000, reserved size: 1073741824
Narrow klass base: 0x00000224a6000000, Narrow klass shift: 0, Narrow klass range: 0x100000000

GC Precious Log:
 CPUs: 4 total, 4 available
 Memory: 8067M
 Large Page Support: Disabled
 NUMA Support: Disabled
 Compressed Oops: Enabled (32-bit)
 Heap Region Size: 1M
 Heap Min Capacity: 64M
 Heap Initial Capacity: 64M
 Heap Max Capacity: 64M
 Pre-touch: Disabled
 Parallel Workers: 4
 Concurrent Workers: 1
 Concurrent Refinement Workers: 4
 Periodic GC: Disabled

Heap:
 garbage-first heap   total 65536K, used 36241K [0x00000000fc000000, 0x0000000100000000)
  region size 1024K, 29 young (29696K), 3 survivors (3072K)
 Metaspace       used 10125K, committed 10304K, reserved 1114112K
  class space    used 1327K, committed 1408K, reserved 1048576K

Heap Regions: E=young(eden), S=young(survivor), O=old, HS=humongous(starts), HC=humongous(continues), CS=collection set, F=free, OA=open archive, CA=closed archive, TAMS=top-at-mark-start (previous, next)
|   0|0x00000000fc000000, 0x00000000fc100000, 0x00000000fc100000|100%|HS|  |TAMS 0x00000000fc000000, 0x00000000fc000000| Complete 
|   1|0x00000000fc100000, 0x00000000fc200000, 0x00000000fc200000|100%|HC|  |TAMS 0x00000000fc100000, 0x00000000fc100000| Complete 
|   2|0x00000000fc200000, 0x00000000fc300000, 0x00000000fc300000|100%|HC|  |TAMS 0x00000000fc200000, 0x00000000fc200000| Complete 
|   3|0x00000000fc300000, 0x00000000fc400000, 0x00000000fc400000|100%|HC|  |TAMS 0x00000000fc300000, 0x00000000fc300000| Complete 
|   4|0x00000000fc400000, 0x00000000fc500000, 0x00000000fc500000|100%| O|  |TAMS 0x00000000fc400000, 0x00000000fc400000| Untracked 
|   5|0x00000000fc500000, 0x00000000fc600000, 0x00000000fc600000|100%| O|  |TAMS 0x00000000fc500000, 0x00000000fc500000| Untracked 
|   6|0x00000000fc600000, 0x00000000fc700000, 0x00000000fc700000|100%| O|  |TAMS 0x00000000fc600000, 0x00000000fc600000| Untracked 
|   7|0x00000000fc700000, 0x00000000fc764400, 0x00000000fc800000| 39%| O|  |TAMS 0x00000000fc700000, 0x00000000fc700000| Untracked 
|   8|0x00000000fc800000, 0x00000000fc800000, 0x00000000fc900000|  0%| F|  |TAMS 0x00000000fc800000, 0x00000000fc800000| Untracked 
|   9|0x00000000fc900000, 0x00000000fc900000, 0x00000000fca00000|  0%| F|  |TAMS 0x00000000fc900000, 0x00000000fc900000| Untracked 
|  10|0x00000000fca00000, 0x00000000fca00000, 0x00000000fcb00000|  0%| F|  |TAMS 0x00000000fca00000, 0x00000000fca00000| Untracked 
|  11|0x00000000fcb00000, 0x00000000fcb00000, 0x00000000fcc00000|  0%| F|  |TAMS 0x00000000fcb00000, 0x00000000fcb00000| Untracked 
|  12|0x00000000fcc00000, 0x00000000fcc00000, 0x00000000fcd00000|  0%| F|  |TAMS 0x00000000fcc00000, 0x00000000fcc00000| Untracked 
|  13|0x00000000fcd00000, 0x00000000fcd00000, 0x00000000fce00000|  0%| F|  |TAMS 0x00000000fcd00000, 0x00000000fcd00000| Untracked 
|  14|0x00000000fce00000, 0x00000000fce00000, 0x00000000fcf00000|  0%| F|  |TAMS 0x00000000fce00000, 0x00000000fce00000| Untracked 
|  15|0x00000000fcf00000, 0x00000000fcf00000, 0x00000000fd000000|  0%| F|  |TAMS 0x00000000fcf00000, 0x00000000fcf00000| Untracked 
|  16|0x00000000fd000000, 0x00000000fd000000, 0x00000000fd100000|  0%| F|  |TAMS 0x00000000fd000000, 0x00000000fd000000| Untracked 
|  17|0x00000000fd100000, 0x00000000fd100000, 0x00000000fd200000|  0%| F|  |TAMS 0x00000000fd100000, 0x00000000fd100000| Untracked 
|  18|0x00000000fd200000, 0x00000000fd200000, 0x00000000fd300000|  0%| F|  |TAMS 0x00000000fd200000, 0x00000000fd200000| Untracked 
|  19|0x00000000fd300000, 0x00000000fd300000, 0x00000000fd400000|  0%| F|  |TAMS 0x00000000fd300000, 0x00000000fd300000| Untracked 
|  20|0x00000000fd400000, 0x00000000fd400000, 0x00000000fd500000|  0%| F|  |TAMS 0x00000000fd400000, 0x00000000fd400000| Untracked 
|  21|0x00000000fd500000, 0x00000000fd500000, 0x00000000fd600000|  0%| F|  |TAMS 0x00000000fd500000, 0x00000000fd500000| Untracked 
|  22|0x00000000fd600000, 0x00000000fd600000, 0x00000000fd700000|  0%| F|  |TAMS 0x00000000fd600000, 0x00000000fd600000| Untracked 
|  23|0x00000000fd700000, 0x00000000fd700000, 0x00000000fd800000|  0%| F|  |TAMS 0x00000000fd700000, 0x00000000fd700000| Untracked 
|  24|0x00000000fd800000, 0x00000000fd800000, 0x00000000fd900000|  0%| F|  |TAMS 0x00000000fd800000, 0x00000000fd800000| Untracked 
|  25|0x00000000fd900000, 0x00000000fd900000, 0x00000000fda00000|  0%| F|  |TAMS 0x00000000fd900000, 0x00000000fd900000| Untracked 
|  26|0x00000000fda00000, 0x00000000fda00000, 0x00000000fdb00000|  0%| F|  |TAMS 0x00000000fda00000, 0x00000000fda00000| Untracked 
|  27|0x00000000fdb00000, 0x00000000fdb00000, 0x00000000fdc00000|  0%| F|  |TAMS 0x00000000fdb00000, 0x00000000fdb00000| Untracked 
|  28|0x00000000fdc00000, 0x00000000fdc00000, 0x00000000fdd00000|  0%| F|  |TAMS 0x00000000fdc00000, 0x00000000fdc00000| Untracked 
|  29|0x00000000fdd00000, 0x00000000fdd00000, 0x00000000fde00000|  0%| F|  |TAMS 0x00000000fdd00000, 0x00000000fdd00000| Untracked 
|  30|0x00000000fde00000, 0x00000000fde00000, 0x00000000fdf00000|  0%| F|  |TAMS 0x00000000fde00000, 0x00000000fde00000| Untracked 
|  31|0x00000000fdf00000, 0x00000000fdf00000, 0x00000000fe000000|  0%| F|  |TAMS 0x00000000fdf00000, 0x00000000fdf00000| Untracked 
|  32|0x00000000fe000000, 0x00000000fe000000, 0x00000000fe100000|  0%| F|  |TAMS 0x00000000fe000000, 0x00000000fe000000| Untracked 
|  33|0x00000000fe100000, 0x00000000fe100000, 0x00000000fe200000|  0%| F|  |TAMS 0x00000000fe100000, 0x00000000fe100000| Untracked 
|  34|0x00000000fe200000, 0x00000000fe200000, 0x00000000fe300000|  0%| F|  |TAMS 0x00000000fe200000, 0x00000000fe200000| Untracked 
|  35|0x00000000fe300000, 0x00000000fe380800, 0x00000000fe400000| 50%| E|  |TAMS 0x00000000fe300000, 0x00000000fe300000| Complete 
|  36|0x00000000fe400000, 0x00000000fe500000, 0x00000000fe500000|100%| E|CS|TAMS 0x00000000fe400000, 0x00000000fe400000| Complete 
|  37|0x00000000fe500000, 0x00000000fe600000, 0x00000000fe600000|100%| E|CS|TAMS 0x00000000fe500000, 0x00000000fe500000| Complete 
|  38|0x00000000fe600000, 0x00000000fe700000, 0x00000000fe700000|100%| E|CS|TAMS 0x00000000fe600000, 0x00000000fe600000| Complete 
|  39|0x00000000fe700000, 0x00000000fe800000, 0x00000000fe800000|100%| E|CS|TAMS 0x00000000fe700000, 0x00000000fe700000| Complete 
|  40|0x00000000fe800000, 0x00000000fe900000, 0x00000000fe900000|100%| E|CS|TAMS 0x00000000fe800000, 0x00000000fe800000| Complete 
|  41|0x00000000fe900000, 0x00000000fea00000, 0x00000000fea00000|100%| S|CS|TAMS 0x00000000fe900000, 0x00000000fe900000| Complete 
|  42|0x00000000fea00000, 0x00000000feb00000, 0x00000000feb00000|100%| S|CS|TAMS 0x00000000fea00000, 0x00000000fea00000| Complete 
|  43|0x00000000feb00000, 0x00000000fec00000, 0x00000000fec00000|100%| S|CS|TAMS 0x00000000feb00000, 0x00000000feb00000| Complete 
|  44|0x00000000fec00000, 0x00000000fed00000, 0x00000000fed00000|100%| E|CS|TAMS 0x00000000fec00000, 0x00000000fec00000| Complete 
|  45|0x00000000fed00000, 0x00000000fee00000, 0x00000000fee00000|100%| E|CS|TAMS 0x00000000fed00000, 0x00000000fed00000| Complete 
|  46|0x00000000fee00000, 0x00000000fef00000, 0x00000000fef00000|100%| E|CS|TAMS 0x00000000fee00000, 0x00000000fee00000| Complete 
|  47|0x00000000fef00000, 0x00000000ff000000, 0x00000000ff000000|100%| E|CS|TAMS 0x00000000fef00000, 0x00000000fef00000| Complete 
|  48|0x00000000ff000000, 0x00000000ff100000, 0x00000000ff100000|100%| E|CS|TAMS 0x00000000ff000000, 0x00000000ff000000| Complete 
|  49|0x00000000ff100000, 0x00000000ff200000, 0x00000000ff200000|100%| E|CS|TAMS 0x00000000ff100000, 0x00000000ff100000| Complete 
|  50|0x00000000ff200000, 0x00000000ff300000, 0x00000000ff300000|100%| E|CS|TAMS 0x00000000ff200000, 0x00000000ff200000| Complete 
|  51|0x00000000ff300000, 0x00000000ff400000, 0x00000000ff400000|100%| E|CS|TAMS 0x00000000ff300000, 0x00000000ff300000| Complete 
|  52|0x00000000ff400000, 0x00000000ff500000, 0x00000000ff500000|100%| E|CS|TAMS 0x00000000ff400000, 0x00000000ff400000| Complete 
|  53|0x00000000ff500000, 0x00000000ff600000, 0x00000000ff600000|100%| E|CS|TAMS 0x00000000ff500000, 0x00000000ff500000| Complete 
|  54|0x00000000ff600000, 0x00000000ff700000, 0x00000000ff700000|100%| E|CS|TAMS 0x00000000ff600000, 0x00000000ff600000| Complete 
|  55|0x00000000ff700000, 0x00000000ff800000, 0x00000000ff800000|100%| E|CS|TAMS 0x00000000ff700000, 0x00000000ff700000| Complete 
|  56|0x00000000ff800000, 0x00000000ff900000, 0x00000000ff900000|100%| E|CS|TAMS 0x00000000ff800000, 0x00000000ff800000| Complete 
|  57|0x00000000ff900000, 0x00000000ffa00000, 0x00000000ffa00000|100%| E|CS|TAMS 0x00000000ff900000, 0x00000000ff900000| Complete 
|  58|0x00000000ffa00000, 0x00000000ffb00000, 0x00000000ffb00000|100%| E|CS|TAMS 0x00000000ffa00000, 0x00000000ffa00000| Complete 
|  59|0x00000000ffb00000, 0x00000000ffc00000, 0x00000000ffc00000|100%| E|CS|TAMS 0x00000000ffb00000, 0x00000000ffb00000| Complete 
|  60|0x00000000ffc00000, 0x00000000ffd00000, 0x00000000ffd00000|100%| E|CS|TAMS 0x00000000ffc00000, 0x00000000ffc00000| Complete 
|  61|0x00000000ffd00000, 0x00000000ffe00000, 0x00000000ffe00000|100%| E|CS|TAMS 0x00000000ffd00000, 0x00000000ffd00000| Complete 
|  62|0x00000000ffe00000, 0x00000000fff00000, 0x00000000fff00000|100%| E|CS|TAMS 0x00000000ffe00000, 0x00000000ffe00000| Complete 
|  63|0x00000000fff00000, 0x0000000100000000, 0x0000000100000000|100%| E|CS|TAMS 0x00000000fff00000, 0x00000000fff00000| Complete 

Card table byte_map: [0x000002248a2c0000,0x000002248a2e0000] _byte_map_base: 0x0000022489ae0000

Marking Bits (Prev, Next): (CMBitMap*) 0x000002248c3d9870, (CMBitMap*) 0x000002248c3d98b0
 Prev Bits: [0x000002248c1d0000, 0x000002248c2d0000)
 Next Bits: [0x00000224a2c60000, 0x00000224a2d60000)

Polling page: 0x000002248a270000

Metaspace:

Usage:
  Non-class:      8.59 MB used.
      Class:      1.30 MB used.
       Both:      9.89 MB used.

Virtual space:
  Non-class space:       64.00 MB reserved,       8.69 MB ( 14%) committed,  1 nodes.
      Class space:        1.00 GB reserved,       1.38 MB ( <1%) committed,  1 nodes.
             Both:        1.06 GB reserved,      10.06 MB ( <1%) committed. 

Chunk freelists:
   Non-Class:  7.25 MB
       Class:  14.45 MB
        Both:  21.70 MB

MaxMetaspaceSize: unlimited
CompressedClassSpaceSize: 1.00 GB
Initial GC threshold: 21.00 MB
Current GC threshold: 21.00 MB
CDS: on
MetaspaceReclaimPolicy: balanced
 - commit_granule_bytes: 65536.
 - commit_granule_words: 8192.
 - virtual_space_node_default_size: 8388608.
 - enlarge_chunks_in_place: 1.
 - new_chunks_are_fully_committed: 0.
 - uncommit_free_chunks: 1.
 - use_allocation_guard: 0.
 - handle_deallocations: 1.


Internal statistics:

num_allocs_failed_limit: 0.
num_arena_births: 76.
num_arena_deaths: 0.
num_vsnodes_births: 2.
num_vsnodes_deaths: 0.
num_space_committed: 161.
num_space_uncommitted: 0.
num_chunks_returned_to_freelist: 0.
num_chunks_taken_from_freelist: 358.
num_chunk_merges: 0.
num_chunk_splits: 239.
num_chunks_enlarged: 198.
num_inconsistent_stats: 0.

CodeHeap 'non-profiled nmethods': size=120000Kb used=708Kb max_used=708Kb free=119291Kb
 bounds [0x000002249b730000, 0x000002249b9a0000, 0x00000224a2c60000]
CodeHeap 'profiled nmethods': size=120000Kb used=3464Kb max_used=3464Kb free=116535Kb
 bounds [0x0000022493c60000, 0x0000022493fd0000, 0x000002249b190000]
CodeHeap 'non-nmethods': size=5760Kb used=1178Kb max_used=1193Kb free=4581Kb
 bounds [0x000002249b190000, 0x000002249b400000, 0x000002249b730000]
 total_blobs=2296 nmethods=1825 adapters=383
 compilation: enabled
              stopped_count=0, restarted_count=0
 full_count=0

Compilation events (20 events):
Event: 70.772 Thread 0x00000224a529f320 1818       4       com.google.common.base.Preconditions::checkNotNull (14 bytes)
Event: 70.772 Thread 0x00000224a52a77c0 1820       3       java.util.stream.ReduceOps$3ReducingSink::accept (15 bytes)
Event: 70.772 Thread 0x00000224a529f320 nmethod 1818 0x000002249b7e0890 code [0x000002249b7e0a00, 0x000002249b7e0a78]
Event: 70.772 Thread 0x00000224a529f320 1819 % !   4       java.io.BufferedReader::readLine @ 139 (327 bytes)
Event: 70.773 Thread 0x00000224a52a77c0 nmethod 1820 0x0000022493fbf210 code [0x0000022493fbf3c0, 0x0000022493fbf5a8]
Event: 70.773 Thread 0x00000224a52a77c0 1821   !   3       java.nio.file.FileChannelLinesSpliterator::readLine (37 bytes)
Event: 70.773 Thread 0x00000224a52a77c0 nmethod 1821 0x0000022493fbf690 code [0x0000022493fbf880, 0x0000022493fbfc58]
Event: 70.773 Thread 0x00000224a52a77c0 1822       3       java.util.stream.Collectors$$Lambda$102/0x00000224a7147d90::accept (11 bytes)
Event: 70.773 Thread 0x00000224a52a77c0 nmethod 1822 0x0000022493fbfe10 code [0x0000022493fbffc0, 0x0000022493fc02a8]
Event: 70.773 Thread 0x00000224a52a77c0 1823       3       com.google.common.collect.EvictingQueue::add (48 bytes)
Event: 70.774 Thread 0x00000224a52a77c0 nmethod 1823 0x0000022493fc0390 code [0x0000022493fc05a0, 0x0000022493fc0c78]
Event: 70.774 Thread 0x00000224a52a77c0 1824       3       com.google.common.collect.ForwardingCollection::size (10 bytes)
Event: 70.774 Thread 0x00000224a52a77c0 nmethod 1824 0x0000022493fc0e90 code [0x0000022493fc1040, 0x0000022493fc1288]
Event: 70.774 Thread 0x00000224a52a77c0 1825       3       com.google.common.collect.EvictingQueue::delegate (5 bytes)
Event: 70.774 Thread 0x00000224a52a77c0 nmethod 1825 0x0000022493fc1390 code [0x0000022493fc1520, 0x0000022493fc1638]
Event: 70.775 Thread 0x00000224a52a77c0 1826       3       java.util.ArrayDeque::remove (5 bytes)
Event: 70.775 Thread 0x00000224a52a77c0 nmethod 1826 0x0000022493fc1710 code [0x0000022493fc18e0, 0x0000022493fc1b98]
Event: 70.778 Thread 0x00000224a52a77c0 1827       3       jdk.internal.org.objectweb.asm.Type::<init> (26 bytes)
Event: 70.778 Thread 0x00000224a52a77c0 nmethod 1827 0x0000022493fc1d10 code [0x0000022493fc1ea0, 0x0000022493fc2078]
Event: 70.778 Thread 0x00000224a52a77c0 1829       3       sun.invoke.util.VerifyType::isNullConversion (157 bytes)

GC Heap History (4 events):
Event: 0.547 GC heap before
{Heap before GC invocations=0 (full 0):
 garbage-first heap   total 65536K, used 12288K [0x00000000fc000000, 0x0000000100000000)
  region size 1024K, 13 young (13312K), 0 survivors (0K)
 Metaspace       used 1642K, committed 1792K, reserved 1114112K
  class space    used 154K, committed 192K, reserved 1048576K
}
Event: 0.551 GC heap after
{Heap after GC invocations=1 (full 0):
 garbage-first heap   total 65536K, used 1472K [0x00000000fc000000, 0x0000000100000000)
  region size 1024K, 2 young (2048K), 2 survivors (2048K)
 Metaspace       used 1642K, committed 1792K, reserved 1114112K
  class space    used 154K, committed 192K, reserved 1048576K
}
Event: 1.163 GC heap before
{Heap before GC invocations=1 (full 0):
 garbage-first heap   total 65536K, used 22976K [0x00000000fc000000, 0x0000000100000000)
  region size 1024K, 20 young (20480K), 2 survivors (2048K)
 Metaspace       used 3238K, committed 3328K, reserved 1114112K
  class space    used 371K, committed 448K, reserved 1048576K
}
Event: 1.171 GC heap after
{Heap after GC invocations=2 (full 0):
 garbage-first heap   total 65536K, used 10641K [0x00000000fc000000, 0x0000000100000000)
  region size 1024K, 3 young (3072K), 3 survivors (3072K)
 Metaspace       used 3238K, committed 3328K, reserved 1114112K
  class space    used 371K, committed 448K, reserved 1048576K
}

Deoptimization events (20 events):
Event: 1.639 Thread 0x000002248c3b83b0 DEOPT PACKING pc=0x0000022493db27b8 sp=0x000000f149bfab00
Event: 1.639 Thread 0x000002248c3b83b0 DEOPT UNPACKING pc=0x000002249b1e2b43 sp=0x000000f149bfa018 mode 0
Event: 1.670 Thread 0x000002248c3b83b0 Uncommon trap: trap_request=0xffffff45 fr.pc=0x000002249b7961e8 relative=0x0000000000000248
Event: 1.670 Thread 0x000002248c3b83b0 Uncommon trap: reason=unstable_if action=reinterpret pc=0x000002249b7961e8 method=java.lang.String.startsWith(Ljava/lang/String;I)Z @ 14 c2
Event: 1.670 Thread 0x000002248c3b83b0 DEOPT PACKING pc=0x000002249b7961e8 sp=0x000000f149bfd160
Event: 1.670 Thread 0x000002248c3b83b0 DEOPT UNPACKING pc=0x000002249b1e23a3 sp=0x000000f149bfd0c0 mode 2
Event: 1.913 Thread 0x000002248c3b83b0 Uncommon trap: trap_request=0xffffff45 fr.pc=0x000002249b7bb598 relative=0x0000000000001bd8
Event: 1.913 Thread 0x000002248c3b83b0 Uncommon trap: reason=unstable_if action=reinterpret pc=0x000002249b7bb598 method=java.io.WinNTFileSystem.normalize(Ljava/lang/String;)Ljava/lang/String; @ 128 c2
Event: 1.913 Thread 0x000002248c3b83b0 DEOPT PACKING pc=0x000002249b7bb598 sp=0x000000f149bfc340
Event: 1.913 Thread 0x000002248c3b83b0 DEOPT UNPACKING pc=0x000002249b1e23a3 sp=0x000000f149bfc328 mode 2
Event: 2.108 Thread 0x000002248c3b83b0 Uncommon trap: trap_request=0xffffff45 fr.pc=0x000002249b771760 relative=0x0000000000000620
Event: 2.108 Thread 0x000002248c3b83b0 Uncommon trap: reason=unstable_if action=reinterpret pc=0x000002249b771760 method=java.lang.AbstractStringBuilder.append(Ljava/lang/String;)Ljava/lang/AbstractStringBuilder; @ 1 c2
Event: 2.108 Thread 0x000002248c3b83b0 DEOPT PACKING pc=0x000002249b771760 sp=0x000000f149bfd060
Event: 2.108 Thread 0x000002248c3b83b0 DEOPT UNPACKING pc=0x000002249b1e23a3 sp=0x000000f149bfcfe0 mode 2
Event: 61.225 Thread 0x000002248c3b83b0 DEOPT PACKING pc=0x0000022493ed2ccd sp=0x000000f149bfcd60
Event: 61.225 Thread 0x000002248c3b83b0 DEOPT UNPACKING pc=0x000002249b1e2b43 sp=0x000000f149bfc1f8 mode 0
Event: 70.756 Thread 0x000002248c3b83b0 Uncommon trap: trap_request=0xffffff45 fr.pc=0x000002249b7ddc78 relative=0x00000000000004f8
Event: 70.756 Thread 0x000002248c3b83b0 Uncommon trap: reason=unstable_if action=reinterpret pc=0x000002249b7ddc78 method=com.esotericsoftware.kryo.io.Input.require(I)I @ 180 c2
Event: 70.756 Thread 0x000002248c3b83b0 DEOPT PACKING pc=0x000002249b7ddc78 sp=0x000000f149bfd170
Event: 70.756 Thread 0x000002248c3b83b0 DEOPT UNPACKING pc=0x000002249b1e23a3 sp=0x000000f149bfcfd8 mode 2

Classes unloaded (0 events):
No events

Classes redefined (0 events):
No events

Internal exceptions (20 events):
Event: 1.285 Thread 0x000002248c3b83b0 Exception <a 'java/lang/NoClassDefFoundError'{0x00000000ffd4db10}: org/slf4j/impl/StaticMarkerBinder> (0x00000000ffd4db10) 
thrown [s\open\src\hotspot\share\classfile\systemDictionary.cpp, line 245]
Event: 1.325 Thread 0x000002248c3b83b0 Exception <a 'java/lang/NoSuchMethodError'{0x00000000ffc2ca08}: 'java.lang.Object java.lang.invoke.Invokers$Holder.invoker(java.lang.Object, java.lang.Object, java.lang.Object)'> (0x00000000ffc2ca08) 
thrown [s\open\src\hotspot\share\interpreter\linkResolver.cpp, line 759]
Event: 1.328 Thread 0x000002248c3b83b0 Exception <a 'java/lang/NoSuchMethodError'{0x00000000ffc35be0}: 'java.lang.Object java.lang.invoke.DirectMethodHandle$Holder.invokeStatic(java.lang.Object, java.lang.Object, int)'> (0x00000000ffc35be0) 
thrown [s\open\src\hotspot\share\interpreter\linkResolver.cpp, line 759]
Event: 1.330 Thread 0x000002248c3b83b0 Exception <a 'java/lang/NoSuchMethodError'{0x00000000ffc418d0}: 'void java.lang.invoke.DelegatingMethodHandle$Holder.delegate(java.lang.Object, java.lang.Object, int, java.lang.Object)'> (0x00000000ffc418d0) 
thrown [s\open\src\hotspot\share\interpreter\linkResolver.cpp, line 759]
Event: 1.331 Thread 0x000002248c3b83b0 Exception <a 'java/lang/NoSuchMethodError'{0x00000000ffc45988}: 'int java.lang.invoke.DirectMethodHandle$Holder.invokeSpecial(java.lang.Object, java.lang.Object, java.lang.Object)'> (0x00000000ffc45988) 
thrown [s\open\src\hotspot\share\interpreter\linkResolver.cpp, line 759]
Event: 1.337 Thread 0x000002248c3b83b0 Exception <a 'java/lang/NoSuchMethodError'{0x00000000ffc58a98}: 'java.lang.Object java.lang.invoke.Invokers$Holder.invokeExact_MT(java.lang.Object, java.lang.Object, java.lang.Object, java.lang.Object)'> (0x00000000ffc58a98) 
thrown [s\open\src\hotspot\share\interpreter\linkResolver.cpp, line 759]
Event: 1.350 Thread 0x000002248c3b83b0 Exception <a 'java/lang/NoSuchMethodError'{0x00000000ffc93260}: 'java.lang.Object java.lang.invoke.DirectMethodHandle$Holder.invokeVirtual(java.lang.Object, java.lang.Object, java.lang.Object)'> (0x00000000ffc93260) 
thrown [s\open\src\hotspot\share\interpreter\linkResolver.cpp, line 759]
Event: 1.513 Thread 0x000002248c3b83b0 Exception <a 'java/lang/NoSuchMethodError'{0x00000000ff8f56f0}: 'java.lang.Object java.lang.invoke.DirectMethodHandle$Holder.newInvokeSpecial(java.lang.Object, java.lang.Object, java.lang.Object, java.lang.Object, java.lang.Object)'> (0x00000000ff8f56f0) 
thrown [s\open\src\hotspot\share\interpreter\linkResolver.cpp, line 759]
Event: 1.594 Thread 0x000002248c3b83b0 Exception <a 'java/lang/NoSuchMethodError'{0x00000000ff42fa10}: 'void java.lang.invoke.DirectMethodHandle$Holder.invokeSpecial(java.lang.Object, java.lang.Object, java.lang.Object)'> (0x00000000ff42fa10) 
thrown [s\open\src\hotspot\share\interpreter\linkResolver.cpp, line 759]
Event: 1.611 Thread 0x000002248c3b83b0 Implicit null exception at 0x000002249b79518f to 0x000002249b7956d4
Event: 1.612 Thread 0x000002248c3b83b0 Implicit null exception at 0x000002249b778a8c to 0x000002249b778fe4
Event: 1.648 Thread 0x000002248c3b83b0 Exception <a 'java/lang/NoSuchMethodError'{0x00000000ff3a5500}: 'java.lang.Object java.lang.invoke.DirectMethodHandle$Holder.invokeStaticInit(java.lang.Object)'> (0x00000000ff3a5500) 
thrown [s\open\src\hotspot\share\interpreter\linkResolver.cpp, line 759]
Event: 1.685 Thread 0x000002248c3b83b0 Exception <a 'java/lang/NoSuchMethodError'{0x00000000ff247698}: 'int java.lang.invoke.DirectMethodHandle$Holder.invokeVirtual(java.lang.Object, java.lang.Object, java.lang.Object)'> (0x00000000ff247698) 
thrown [s\open\src\hotspot\share\interpreter\linkResolver.cpp, line 759]
Event: 1.765 Thread 0x000002248c3b83b0 Exception <a 'java/lang/NoSuchMethodError'{0x00000000ff09b800}: 'java.lang.Object java.lang.invoke.DirectMethodHandle$Holder.invokeSpecialIFC(java.lang.Object, java.lang.Object, java.lang.Object, java.lang.Object)'> (0x00000000ff09b800) 
thrown [s\open\src\hotspot\share\interpreter\linkResolver.cpp, line 759]
Event: 1.858 Thread 0x000002248c3b83b0 Exception <a 'java/lang/NoSuchMethodError'{0x00000000fed637e0}: 'java.lang.Object java.lang.invoke.DirectMethodHandle$Holder.invokeStaticInit(java.lang.Object, int, int, int, int)'> (0x00000000fed637e0) 
thrown [s\open\src\hotspot\share\interpreter\linkResolver.cpp, line 759]
Event: 1.921 Thread 0x000002248c3b83b0 Exception <a 'java/lang/NoSuchMethodError'{0x00000000fed8d1d8}: 'java.lang.Object java.lang.invoke.DirectMethodHandle$Holder.invokeStaticInit(java.lang.Object, java.lang.Object, int, int, int, int)'> (0x00000000fed8d1d8) 
thrown [s\open\src\hotspot\share\interpreter\linkResolver.cpp, line 759]
Event: 2.073 Thread 0x000002248c3b83b0 Exception <a 'java/lang/NoSuchMethodError'{0x00000000fedbfe98}: 'void java.lang.invoke.DirectMethodHandle$Holder.invokeStatic(java.lang.Object, java.lang.Object, java.lang.Object)'> (0x00000000fedbfe98) 
thrown [s\open\src\hotspot\share\interpreter\linkResolver.cpp, line 759]
Event: 2.108 Thread 0x000002248c3b83b0 Implicit null exception at 0x000002249b771172 to 0x000002249b771748
Event: 70.756 Thread 0x000002248c3b83b0 Exception <a 'sun/net/ConnectionResetException'{0x00000000fe5f21b8}: Connection reset> (0x00000000fe5f21b8) 
thrown [s\open\src\hotspot\share\prims\jni.cpp, line 535]
Event: 70.778 Thread 0x000002248c3b83b0 Exception <a 'java/lang/NoSuchMethodError'{0x00000000fe302558}: 'int java.lang.invoke.DirectMethodHandle$Holder.invokeVirtual(java.lang.Object, java.lang.Object)'> (0x00000000fe302558) 
thrown [s\open\src\hotspot\share\interpreter\linkResolver.cpp, line 759]

VM Operations (20 events):
Event: 45.953 Executing VM operation: Cleanup
Event: 45.953 Executing VM operation: Cleanup done
Event: 46.963 Executing VM operation: Cleanup
Event: 46.963 Executing VM operation: Cleanup done
Event: 51.984 Executing VM operation: Cleanup
Event: 51.984 Executing VM operation: Cleanup done
Event: 52.985 Executing VM operation: Cleanup
Event: 52.985 Executing VM operation: Cleanup done
Event: 57.007 Executing VM operation: Cleanup
Event: 57.008 Executing VM operation: Cleanup done
Event: 62.055 Executing VM operation: Cleanup
Event: 62.055 Executing VM operation: Cleanup done
Event: 63.060 Executing VM operation: Cleanup
Event: 63.060 Executing VM operation: Cleanup done
Event: 67.087 Executing VM operation: Cleanup
Event: 67.087 Executing VM operation: Cleanup done
Event: 69.096 Executing VM operation: Cleanup
Event: 69.096 Executing VM operation: Cleanup done
Event: 70.096 Executing VM operation: Cleanup
Event: 70.096 Executing VM operation: Cleanup done

Events (20 events):
Event: 70.760 loading class java/nio/file/FileChannelLinesSpliterator
Event: 70.760 loading class java/nio/file/FileChannelLinesSpliterator done
Event: 70.760 loading class sun/nio/fs/WindowsSecurityDescriptor
Event: 70.760 loading class sun/nio/fs/WindowsSecurityDescriptor done
Event: 70.760 loading class sun/nio/fs/WindowsChannelFactory
Event: 70.760 loading class sun/nio/fs/WindowsChannelFactory done
Event: 70.760 loading class sun/nio/fs/WindowsChannelFactory$1
Event: 70.760 loading class sun/nio/fs/WindowsChannelFactory$1 done
Event: 70.761 loading class sun/nio/fs/WindowsChannelFactory$Flags
Event: 70.761 loading class sun/nio/fs/WindowsChannelFactory$Flags done
Event: 70.761 loading class sun/nio/fs/WindowsChannelFactory$2
Event: 70.761 loading class sun/nio/fs/WindowsChannelFactory$2 done
Event: 70.761 loading class sun/nio/ch/FileChannelImpl$Closer
Event: 70.761 loading class sun/nio/ch/FileChannelImpl$Closer done
Event: 70.764 loading class java/util/stream/Streams$1
Event: 70.765 loading class java/util/stream/Streams$1 done
Event: 70.770 loading class java/nio/file/FileChannelLinesSpliterator$1
Event: 70.770 loading class java/nio/file/FileChannelLinesSpliterator$1 done
Event: 70.770 loading class java/nio/channels/Channels
Event: 70.770 loading class java/nio/channels/Channels done


Dynamic libraries:
0x00007ff610570000 - 0x00007ff610580000 	C:\Program Files\Java\jdk-17\bin\java.exe
0x00007fffc8cd0000 - 0x00007fffc8ec8000 	C:\Windows\SYSTEM32\ntdll.dll
0x00007fffc8860000 - 0x00007fffc8922000 	C:\Windows\System32\KERNEL32.DLL
0x00007fffc6360000 - 0x00007fffc6656000 	C:\Windows\System32\KERNELBASE.dll
0x00007fffc67c0000 - 0x00007fffc68c0000 	C:\Windows\System32\ucrtbase.dll
0x00007fffb4f80000 - 0x00007fffb4f99000 	C:\Program Files\Java\jdk-17\bin\jli.dll
0x00007fffc7400000 - 0x00007fffc74af000 	C:\Windows\System32\ADVAPI32.dll
0x00007fffc78f0000 - 0x00007fffc798e000 	C:\Windows\System32\msvcrt.dll
0x00007fffc7270000 - 0x00007fffc730f000 	C:\Windows\System32\sechost.dll
0x00007fffc8b60000 - 0x00007fffc8c83000 	C:\Windows\System32\RPCRT4.dll
0x00007fffb1540000 - 0x00007fffb155b000 	C:\Program Files\Java\jdk-17\bin\VCRUNTIME140.dll
0x00007fffc68f0000 - 0x00007fffc6917000 	C:\Windows\System32\bcrypt.dll
0x00007fffc7a60000 - 0x00007fffc7bfd000 	C:\Windows\System32\USER32.dll
0x00007fffc68c0000 - 0x00007fffc68e2000 	C:\Windows\System32\win32u.dll
0x00007fffc8a10000 - 0x00007fffc8a3b000 	C:\Windows\System32\GDI32.dll
0x00007fffc6920000 - 0x00007fffc6a3a000 	C:\Windows\System32\gdi32full.dll
0x00007fffc6af0000 - 0x00007fffc6b8d000 	C:\Windows\System32\msvcp_win.dll
0x00007fffb75f0000 - 0x00007fffb788a000 	C:\Windows\WinSxS\amd64_microsoft.windows.common-controls_6595b64144ccf1df_6.0.19041.4355_none_60b8b9eb71f62e16\COMCTL32.dll
0x00007fffc4a80000 - 0x00007fffc4a8a000 	C:\Windows\SYSTEM32\VERSION.dll
0x00007fffc6cf0000 - 0x00007fffc6d1f000 	C:\Windows\System32\IMM32.DLL
0x00007fffb4d50000 - 0x00007fffb4d5c000 	C:\Program Files\Java\jdk-17\bin\vcruntime140_1.dll
0x00007fff852a0000 - 0x00007fff8532e000 	C:\Program Files\Java\jdk-17\bin\msvcp140.dll
0x00007fff69840000 - 0x00007fff6a421000 	C:\Program Files\Java\jdk-17\bin\server\jvm.dll
0x00007fffc8a00000 - 0x00007fffc8a08000 	C:\Windows\System32\PSAPI.DLL
0x00007fffb3dc0000 - 0x00007fffb3dc9000 	C:\Windows\SYSTEM32\WSOCK32.dll
0x00007fffc7c80000 - 0x00007fffc7ceb000 	C:\Windows\System32\WS2_32.dll
0x00007fffb9360000 - 0x00007fffb9387000 	C:\Windows\SYSTEM32\WINMM.dll
0x00007fffc4b80000 - 0x00007fffc4b92000 	C:\Windows\SYSTEM32\kernel.appcore.dll
0x00007fffb3c30000 - 0x00007fffb3c3a000 	C:\Program Files\Java\jdk-17\bin\jimage.dll
0x00007fffb7030000 - 0x00007fffb7214000 	C:\Windows\SYSTEM32\DBGHELP.DLL
0x00007fffb1460000 - 0x00007fffb1494000 	C:\Windows\SYSTEM32\dbgcore.DLL
0x00007fffc6b90000 - 0x00007fffc6c12000 	C:\Windows\System32\bcryptPrimitives.dll
0x00007fff94460000 - 0x00007fff94485000 	C:\Program Files\Java\jdk-17\bin\java.dll
0x00007fff78370000 - 0x00007fff78447000 	C:\Program Files\Java\jdk-17\bin\jsvml.dll
0x00007fffc7ee0000 - 0x00007fffc864f000 	C:\Windows\System32\SHELL32.dll
0x00007fffc4220000 - 0x00007fffc49c3000 	C:\Windows\SYSTEM32\windows.storage.dll
0x00007fffc7590000 - 0x00007fffc78e5000 	C:\Windows\System32\combase.dll
0x00007fffc5d90000 - 0x00007fffc5dbb000 	C:\Windows\SYSTEM32\Wldp.dll
0x00007fffc6d20000 - 0x00007fffc6ded000 	C:\Windows\System32\OLEAUT32.dll
0x00007fffc7990000 - 0x00007fffc7a3d000 	C:\Windows\System32\SHCORE.dll
0x00007fffc8940000 - 0x00007fffc8995000 	C:\Windows\System32\shlwapi.dll
0x00007fffc6290000 - 0x00007fffc62b5000 	C:\Windows\SYSTEM32\profapi.dll
0x00007fffb1520000 - 0x00007fffb1539000 	C:\Program Files\Java\jdk-17\bin\net.dll
0x00007fffbd880000 - 0x00007fffbd98a000 	C:\Windows\SYSTEM32\WINHTTP.dll
0x00007fffc5af0000 - 0x00007fffc5b5c000 	C:\Windows\system32\mswsock.dll
0x00007fffb0a40000 - 0x00007fffb0a56000 	C:\Program Files\Java\jdk-17\bin\nio.dll
0x00007fffaf850000 - 0x00007fffaf868000 	C:\Program Files\Java\jdk-17\bin\zip.dll
0x00007fffc29d0000 - 0x00007fffc29e0000 	C:\Program Files\Java\jdk-17\bin\verify.dll
0x00007fffb14f0000 - 0x00007fffb1517000 	C:\Users\HP\.gradle\native\c067742578af261105cb4f569cf0c3c89f3d7b1fecec35dd04571415982c5e48\windows-amd64\native-platform.dll
0x00007fffb8e90000 - 0x00007fffb8e9a000 	C:\Users\HP\.gradle\native\jansi\1.18\windows64\jansi.dll
0x00007fffb33a0000 - 0x00007fffb33aa000 	C:\Program Files\Java\jdk-17\bin\management.dll
0x00007fffb1b00000 - 0x00007fffb1b0b000 	C:\Program Files\Java\jdk-17\bin\management_ext.dll
0x00007fffc5cf0000 - 0x00007fffc5d08000 	C:\Windows\SYSTEM32\CRYPTSP.dll
0x00007fffc53a0000 - 0x00007fffc53d8000 	C:\Windows\system32\rsaenh.dll
0x00007fffc6250000 - 0x00007fffc627e000 	C:\Windows\SYSTEM32\USERENV.dll
0x00007fffc5ce0000 - 0x00007fffc5cec000 	C:\Windows\SYSTEM32\CRYPTBASE.dll
0x00007fffc5780000 - 0x00007fffc57bb000 	C:\Windows\SYSTEM32\IPHLPAPI.DLL
0x00007fffc8930000 - 0x00007fffc8938000 	C:\Windows\System32\NSI.dll
0x00007fffbe320000 - 0x00007fffbe337000 	C:\Windows\SYSTEM32\dhcpcsvc6.DLL
0x00007fffbef70000 - 0x00007fffbef8d000 	C:\Windows\SYSTEM32\dhcpcsvc.DLL
0x00007fffc57c0000 - 0x00007fffc588a000 	C:\Windows\SYSTEM32\DNSAPI.dll
0x00007fffb14c0000 - 0x00007fffb14ce000 	C:\Program Files\Java\jdk-17\bin\sunmscapi.dll
0x00007fffc6660000 - 0x00007fffc67bd000 	C:\Windows\System32\CRYPT32.dll
0x00007fffc5e00000 - 0x00007fffc5e27000 	C:\Windows\SYSTEM32\ncrypt.dll
0x00007fffc5dc0000 - 0x00007fffc5dfb000 	C:\Windows\SYSTEM32\NTASN1.dll
0x00007fffbada0000 - 0x00007fffbada7000 	C:\Windows\system32\wshunix.dll

dbghelp: loaded successfully - version: 4.0.5 - missing functions: none
symbol engine: initialized successfully - sym options: 0x614 - pdb path: .;C:\Program Files\Java\jdk-17\bin;C:\Windows\SYSTEM32;C:\Windows\WinSxS\amd64_microsoft.windows.common-controls_6595b64144ccf1df_6.0.19041.4355_none_60b8b9eb71f62e16;C:\Program Files\Java\jdk-17\bin\server;C:\Users\HP\.gradle\native\c067742578af261105cb4f569cf0c3c89f3d7b1fecec35dd04571415982c5e48\windows-amd64;C:\Users\HP\.gradle\native\jansi\1.18\windows64

VM Arguments:
jvm_args: -Xmx64m -Xms64m -Dorg.gradle.appname=gradlew 
java_command: org.gradle.wrapper.GradleWrapperMain app:installDebug -PreactNativeDevServerPort=8081
java_class_path (initial): C:\Users\HP\Learning_Xorxos\android\\gradle\wrapper\gradle-wrapper.jar
Launcher Type: SUN_STANDARD

[Global flags]
     intx CICompilerCount                          = 3                                         {product} {ergonomic}
     uint ConcGCThreads                            = 1                                         {product} {ergonomic}
     uint G1ConcRefinementThreads                  = 4                                         {product} {ergonomic}
   size_t G1HeapRegionSize                         = 1048576                                   {product} {ergonomic}
    uintx GCDrainStackTargetSize                   = 64                                        {product} {ergonomic}
   size_t InitialHeapSize                          = 67108864                                  {product} {command line}
   size_t MarkStackSize                            = 4194304                                   {product} {ergonomic}
   size_t MaxHeapSize                              = 67108864                                  {product} {command line}
   size_t MaxNewSize                               = 39845888                                  {product} {ergonomic}
   size_t MinHeapDeltaBytes                        = 1048576                                   {product} {ergonomic}
   size_t MinHeapSize                              = 67108864                                  {product} {command line}
    uintx NonNMethodCodeHeapSize                   = 5832780                                {pd product} {ergonomic}
    uintx NonProfiledCodeHeapSize                  = 122912730                              {pd product} {ergonomic}
    uintx ProfiledCodeHeapSize                     = 122912730                              {pd product} {ergonomic}
    uintx ReservedCodeCacheSize                    = 251658240                              {pd product} {ergonomic}
     bool SegmentedCodeCache                       = true                                      {product} {ergonomic}
   size_t SoftMaxHeapSize                          = 67108864                               {manageable} {ergonomic}
     bool UseCompressedClassPointers               = true                           {product lp64_product} {ergonomic}
     bool UseCompressedOops                        = true                           {product lp64_product} {ergonomic}
     bool UseG1GC                                  = true                                      {product} {ergonomic}
     bool UseLargePagesIndividualAllocation        = false                                  {pd product} {ergonomic}

Logging:
Log output configuration:
 #0: stdout all=warning uptime,level,tags
 #1: stderr all=off uptime,level,tags

Environment Variables:
JAVA_HOME=C:\Program Files\Java\jdk-17
CLASSPATH=C:\Users\HP\Learning_Xorxos\android\\gradle\wrapper\gradle-wrapper.jar
PATH=C:\Users\HP\Learning_Xorxos\node_modules\.bin;C:\Users\HP\Learning_Xorxos\android\node_modules\.bin;C:\Users\HP\Learning_Xorxos\node_modules\.bin;C:\Users\HP\node_modules\.bin;C:\Users\node_modules\.bin;C:\node_modules\.bin;C:\Users\HP\nodejs\node_modules\npm\node_modules\@npmcli\run-script\lib\node-gyp-bin;C:\ProgramData\chocolatey;C:\Program Files\Java\jdk-17\bin;D:\native\Android\Sdk\platform-tools;C:\Program Files\Java\jdk-17;C:\Windows\System32;D:\native\Android\Sdk;%GRADLE_HOME%\bin;C:\Windows\System32\wbem;D:\native\Git\cmd;C:\Users\HP\npm-global;D:\native\Android\Sdk\cmake;C:\Program Files\MongoDB\Server\8.0\bin;C:\Program Files\MongoDB\mongosh-2.3.8-win32-x64\bin;C:\Users\HP\nodejs;C:\Users\HP\AppData\Local\Programs\Python\Python313;C:\Users\HP\AppData\Local\Programs\Python\Python313\Scripts;C:\Users\HP\AppData\Local\Programs\Python\Python313\Scripts\jupyter.exe notebook;C:\ProgramData\chocolatey;C:\Program Files\Java\jdk-17\bin;D:\native\Android\Sdk\platform-tools;C:\Program Files\Java\jdk-17;C:\Windows\System32;D:\native\Android\Sdk;C:\Users\HP\AppData\Local\Programs\Microsoft VS Code\bin;C:\Windows\System32\wbem;D:\native\Git;%GRADLE_HOME%\bin;D:\native\Android\Sdk\cmake\;D:\native\Android\Sdk\ndk\;C:\Users\HP\AppData\Roaming\npm;C:\Program Files\MongoDB\Server\8.0\bin;C:\Program Files\MongoDB\mongosh-2.3.8-win32-x64\bin;C:\Users\HP\AppData\Local\Programs\Python\Python313;C:\Users\HP\AppData\Local\Programs\Python\Python313\Scripts;C:\Users\HP\AppData\Local\Programs\Python\Python313\Scripts\jupyter.exe notebook;;c:\Users\HP\.vscode\extensions\ms-python.debugpy-2025.4.1-win32-x64\bundled\scripts\noConfigScripts
USERNAME=HP
LANG=en_US.UTF-8
OS=Windows_NT
PROCESSOR_IDENTIFIER=Intel64 Family 6 Model 61 Stepping 4, GenuineIntel



---------------  S Y S T E M  ---------------

OS:
 Windows 10 , 64 bit Build 19041 (10.0.19041.5678)
OS uptime: 5 days 11:08 hours

CPU: total 4 (initial active 4) (2 cores per cpu, 2 threads per core) family 6 model 61 stepping 4 microcode 0x2f, cx8, cmov, fxsr, ht, mmx, 3dnowpref, sse, sse2, sse3, ssse3, sse4.1, sse4.2, popcnt, lzcnt, tsc, tscinvbit, avx, avx2, aes, erms, clmul, bmi1, bmi2, rtm, adx, fma, vzeroupper, clflush

Memory: 4k page, system-wide physical 8067M (1449M free)
TotalPageFile size 10163M (AvailPageFile size 16M)
current process WorkingSet (physical memory assigned to process): 95M, peak: 97M
current process commit charge ("private bytes"): 157M, peak: 163M

vm_info: Java HotSpot(TM) 64-Bit Server VM (17.0.9+11-LTS-201) for windows-amd64 JRE (17.0.9+11-LTS-201), built on Oct 10 2023 23:16:06 by "mach5one" with MS VC++ 17.1 (VS2022)

END.
